========================================================
  Git Pull Log — jdk17
========================================================
  src_dir    : /home/amit/head/jdk17u-dev
  git_url    : https://github.com/openjdk/jdk17u-dev.git
  date       : 2026-06-25 21:25:44 UTC

  commit_before : 4e5bb3d3765361ddd1161961e1d57a48338cc807

--- git fetch + pull output ---
From https://github.com/openjdk/jdk17u-dev
 - [deleted]                 (none)     -> origin/pr/2186
 - [deleted]                 (none)     -> origin/pr/2431
 - [deleted]                 (none)     -> origin/pr/2438
 - [deleted]                 (none)     -> origin/pr/2469
 - [deleted]                 (none)     -> origin/pr/2515
 - [deleted]                 (none)     -> origin/pr/2518
 - [deleted]                 (none)     -> origin/pr/2542
 - [deleted]                 (none)     -> origin/pr/2590
 - [deleted]                 (none)     -> origin/pr/2598
 - [deleted]                 (none)     -> origin/pr/2599
 - [deleted]                 (none)     -> origin/pr/2605
 - [deleted]                 (none)     -> origin/pr/2617
 - [deleted]                 (none)     -> origin/pr/2619
 - [deleted]                 (none)     -> origin/pr/2620
 - [deleted]                 (none)     -> origin/pr/2657
 - [deleted]                 (none)     -> origin/pr/2697
 - [deleted]                 (none)     -> origin/pr/2701
 - [deleted]                 (none)     -> origin/pr/2702
 - [deleted]                 (none)     -> origin/pr/2703
 - [deleted]                 (none)     -> origin/pr/2747
 - [deleted]                 (none)     -> origin/pr/2799
 - [deleted]                 (none)     -> origin/pr/2811
 - [deleted]                 (none)     -> origin/pr/2830
 - [deleted]                 (none)     -> origin/pr/2831
 - [deleted]                 (none)     -> origin/pr/2926
 - [deleted]                 (none)     -> origin/pr/2955
 - [deleted]                 (none)     -> origin/pr/2959
 - [deleted]                 (none)     -> origin/pr/2971
 - [deleted]                 (none)     -> origin/pr/2977
 - [deleted]                 (none)     -> origin/pr/2979
 - [deleted]                 (none)     -> origin/pr/2981
 - [deleted]                 (none)     -> origin/pr/2986
 - [deleted]                 (none)     -> origin/pr/2987
 - [deleted]                 (none)     -> origin/pr/2988
 - [deleted]                 (none)     -> origin/pr/2991
 - [deleted]                 (none)     -> origin/pr/2992
 - [deleted]                 (none)     -> origin/pr/2993
 - [deleted]                 (none)     -> origin/pr/2994
 - [deleted]                 (none)     -> origin/pr/2995
 - [deleted]                 (none)     -> origin/pr/2996
 - [deleted]                 (none)     -> origin/pr/2997
 - [deleted]                 (none)     -> origin/pr/2998
 - [deleted]                 (none)     -> origin/pr/2999
 - [deleted]                 (none)     -> origin/pr/3000
 - [deleted]                 (none)     -> origin/pr/3001
 - [deleted]                 (none)     -> origin/pr/3006
 - [deleted]                 (none)     -> origin/pr/3007
 - [deleted]                 (none)     -> origin/pr/3008
 - [deleted]                 (none)     -> origin/pr/3009
 - [deleted]                 (none)     -> origin/pr/3010
 - [deleted]                 (none)     -> origin/pr/3011
 - [deleted]                 (none)     -> origin/pr/3012
 - [deleted]                 (none)     -> origin/pr/3013
 - [deleted]                 (none)     -> origin/pr/3014
 - [deleted]                 (none)     -> origin/pr/3015
 - [deleted]                 (none)     -> origin/pr/3016
 - [deleted]                 (none)     -> origin/pr/3017
 - [deleted]                 (none)     -> origin/pr/3018
 - [deleted]                 (none)     -> origin/pr/3019
 - [deleted]                 (none)     -> origin/pr/3020
 - [deleted]                 (none)     -> origin/pr/3021
 - [deleted]                 (none)     -> origin/pr/3022
 - [deleted]                 (none)     -> origin/pr/3023
 - [deleted]                 (none)     -> origin/pr/3024
 - [deleted]                 (none)     -> origin/pr/3025
 - [deleted]                 (none)     -> origin/pr/3026
 - [deleted]                 (none)     -> origin/pr/3027
 - [deleted]                 (none)     -> origin/pr/3028
 - [deleted]                 (none)     -> origin/pr/3029
 - [deleted]                 (none)     -> origin/pr/3031
 - [deleted]                 (none)     -> origin/pr/3032
 - [deleted]                 (none)     -> origin/pr/3033
 - [deleted]                 (none)     -> origin/pr/3034
 - [deleted]                 (none)     -> origin/pr/3035
 - [deleted]                 (none)     -> origin/pr/3036
 - [deleted]                 (none)     -> origin/pr/3037
 - [deleted]                 (none)     -> origin/pr/3039
 - [deleted]                 (none)     -> origin/pr/3040
 - [deleted]                 (none)     -> origin/pr/3041
 - [deleted]                 (none)     -> origin/pr/3042
 - [deleted]                 (none)     -> origin/pr/3043
 - [deleted]                 (none)     -> origin/pr/3044
 - [deleted]                 (none)     -> origin/pr/3045
 - [deleted]                 (none)     -> origin/pr/3046
 - [deleted]                 (none)     -> origin/pr/3047
 - [deleted]                 (none)     -> origin/pr/3049
 - [deleted]                 (none)     -> origin/pr/3050
 - [deleted]                 (none)     -> origin/pr/3051
 - [deleted]                 (none)     -> origin/pr/3052
 - [deleted]                 (none)     -> origin/pr/3053
 - [deleted]                 (none)     -> origin/pr/3054
 - [deleted]                 (none)     -> origin/pr/3055
 - [deleted]                 (none)     -> origin/pr/3056
 - [deleted]                 (none)     -> origin/pr/3057
 - [deleted]                 (none)     -> origin/pr/3058
 - [deleted]                 (none)     -> origin/pr/3059
 - [deleted]                 (none)     -> origin/pr/3060
 - [deleted]                 (none)     -> origin/pr/3061
 - [deleted]                 (none)     -> origin/pr/3062
 - [deleted]                 (none)     -> origin/pr/3064
 - [deleted]                 (none)     -> origin/pr/3065
 - [deleted]                 (none)     -> origin/pr/3066
 - [deleted]                 (none)     -> origin/pr/3067
 - [deleted]                 (none)     -> origin/pr/3068
 - [deleted]                 (none)     -> origin/pr/3069
 - [deleted]                 (none)     -> origin/pr/3070
 - [deleted]                 (none)     -> origin/pr/3071
 - [deleted]                 (none)     -> origin/pr/3072
 - [deleted]                 (none)     -> origin/pr/3073
 - [deleted]                 (none)     -> origin/pr/3074
 - [deleted]                 (none)     -> origin/pr/3075
 - [deleted]                 (none)     -> origin/pr/3076
 - [deleted]                 (none)     -> origin/pr/3077
 - [deleted]                 (none)     -> origin/pr/3078
 - [deleted]                 (none)     -> origin/pr/3079
 - [deleted]                 (none)     -> origin/pr/3080
 - [deleted]                 (none)     -> origin/pr/3081
 - [deleted]                 (none)     -> origin/pr/3082
 - [deleted]                 (none)     -> origin/pr/3083
 - [deleted]                 (none)     -> origin/pr/3084
 - [deleted]                 (none)     -> origin/pr/3085
 - [deleted]                 (none)     -> origin/pr/3086
 - [deleted]                 (none)     -> origin/pr/3087
 - [deleted]                 (none)     -> origin/pr/3088
 - [deleted]                 (none)     -> origin/pr/3089
 - [deleted]                 (none)     -> origin/pr/3090
 - [deleted]                 (none)     -> origin/pr/3091
 - [deleted]                 (none)     -> origin/pr/3092
 - [deleted]                 (none)     -> origin/pr/3093
 - [deleted]                 (none)     -> origin/pr/3094
 - [deleted]                 (none)     -> origin/pr/3095
 - [deleted]                 (none)     -> origin/pr/3096
 - [deleted]                 (none)     -> origin/pr/3097
 - [deleted]                 (none)     -> origin/pr/3098
 - [deleted]                 (none)     -> origin/pr/3099
 - [deleted]                 (none)     -> origin/pr/3100
 - [deleted]                 (none)     -> origin/pr/3101
 - [deleted]                 (none)     -> origin/pr/3102
 - [deleted]                 (none)     -> origin/pr/3103
 - [deleted]                 (none)     -> origin/pr/3104
 - [deleted]                 (none)     -> origin/pr/3105
 - [deleted]                 (none)     -> origin/pr/3106
 - [deleted]                 (none)     -> origin/pr/3107
 - [deleted]                 (none)     -> origin/pr/3108
 - [deleted]                 (none)     -> origin/pr/3109
 - [deleted]                 (none)     -> origin/pr/3110
 - [deleted]                 (none)     -> origin/pr/3111
 - [deleted]                 (none)     -> origin/pr/3112
 - [deleted]                 (none)     -> origin/pr/3113
 - [deleted]                 (none)     -> origin/pr/3114
 - [deleted]                 (none)     -> origin/pr/3115
 - [deleted]                 (none)     -> origin/pr/3116
 - [deleted]                 (none)     -> origin/pr/3117
 - [deleted]                 (none)     -> origin/pr/3118
 - [deleted]                 (none)     -> origin/pr/3119
 - [deleted]                 (none)     -> origin/pr/3120
 - [deleted]                 (none)     -> origin/pr/3121
 - [deleted]                 (none)     -> origin/pr/3122
 - [deleted]                 (none)     -> origin/pr/3123
 - [deleted]                 (none)     -> origin/pr/3124
 - [deleted]                 (none)     -> origin/pr/3125
 - [deleted]                 (none)     -> origin/pr/3126
 - [deleted]                 (none)     -> origin/pr/3127
 - [deleted]                 (none)     -> origin/pr/3128
 - [deleted]                 (none)     -> origin/pr/3129
 - [deleted]                 (none)     -> origin/pr/3130
 - [deleted]                 (none)     -> origin/pr/3131
 - [deleted]                 (none)     -> origin/pr/3132
 - [deleted]                 (none)     -> origin/pr/3133
 - [deleted]                 (none)     -> origin/pr/3134
 - [deleted]                 (none)     -> origin/pr/3135
 - [deleted]                 (none)     -> origin/pr/3136
 - [deleted]                 (none)     -> origin/pr/3137
 - [deleted]                 (none)     -> origin/pr/3138
 - [deleted]                 (none)     -> origin/pr/3139
 - [deleted]                 (none)     -> origin/pr/3140
 - [deleted]                 (none)     -> origin/pr/3141
 - [deleted]                 (none)     -> origin/pr/3142
 - [deleted]                 (none)     -> origin/pr/3143
 - [deleted]                 (none)     -> origin/pr/3144
 - [deleted]                 (none)     -> origin/pr/3145
 - [deleted]                 (none)     -> origin/pr/3146
 - [deleted]                 (none)     -> origin/pr/3147
 - [deleted]                 (none)     -> origin/pr/3148
 - [deleted]                 (none)     -> origin/pr/3149
 - [deleted]                 (none)     -> origin/pr/3150
 - [deleted]                 (none)     -> origin/pr/3151
 - [deleted]                 (none)     -> origin/pr/3152
 - [deleted]                 (none)     -> origin/pr/3153
 - [deleted]                 (none)     -> origin/pr/3154
 - [deleted]                 (none)     -> origin/pr/3155
 - [deleted]                 (none)     -> origin/pr/3156
 - [deleted]                 (none)     -> origin/pr/3157
 - [deleted]                 (none)     -> origin/pr/3158
 - [deleted]                 (none)     -> origin/pr/3159
 - [deleted]                 (none)     -> origin/pr/3160
 - [deleted]                 (none)     -> origin/pr/3161
 - [deleted]                 (none)     -> origin/pr/3162
 - [deleted]                 (none)     -> origin/pr/3163
 - [deleted]                 (none)     -> origin/pr/3164
 - [deleted]                 (none)     -> origin/pr/3165
 - [deleted]                 (none)     -> origin/pr/3166
 - [deleted]                 (none)     -> origin/pr/3167
 - [deleted]                 (none)     -> origin/pr/3168
 - [deleted]                 (none)     -> origin/pr/3169
 - [deleted]                 (none)     -> origin/pr/3170
 - [deleted]                 (none)     -> origin/pr/3171
 - [deleted]                 (none)     -> origin/pr/3172
 - [deleted]                 (none)     -> origin/pr/3173
 - [deleted]                 (none)     -> origin/pr/3174
 - [deleted]                 (none)     -> origin/pr/3175
 - [deleted]                 (none)     -> origin/pr/3176
 - [deleted]                 (none)     -> origin/pr/3177
 - [deleted]                 (none)     -> origin/pr/3178
 - [deleted]                 (none)     -> origin/pr/3179
 - [deleted]                 (none)     -> origin/pr/3180
 - [deleted]                 (none)     -> origin/pr/3181
 - [deleted]                 (none)     -> origin/pr/3182
 - [deleted]                 (none)     -> origin/pr/3183
 - [deleted]                 (none)     -> origin/pr/3184
 - [deleted]                 (none)     -> origin/pr/3185
 - [deleted]                 (none)     -> origin/pr/3186
 - [deleted]                 (none)     -> origin/pr/3187
 - [deleted]                 (none)     -> origin/pr/3188
 - [deleted]                 (none)     -> origin/pr/3189
 - [deleted]                 (none)     -> origin/pr/3190
 - [deleted]                 (none)     -> origin/pr/3191
 - [deleted]                 (none)     -> origin/pr/3192
 - [deleted]                 (none)     -> origin/pr/3193
 - [deleted]                 (none)     -> origin/pr/3194
 - [deleted]                 (none)     -> origin/pr/3195
 - [deleted]                 (none)     -> origin/pr/3196
 - [deleted]                 (none)     -> origin/pr/3197
 - [deleted]                 (none)     -> origin/pr/3198
 - [deleted]                 (none)     -> origin/pr/3199
 - [deleted]                 (none)     -> origin/pr/3200
 - [deleted]                 (none)     -> origin/pr/3201
 - [deleted]                 (none)     -> origin/pr/3202
 - [deleted]                 (none)     -> origin/pr/3203
 - [deleted]                 (none)     -> origin/pr/3204
 - [deleted]                 (none)     -> origin/pr/3205
 - [deleted]                 (none)     -> origin/pr/3206
 - [deleted]                 (none)     -> origin/pr/3207
 - [deleted]                 (none)     -> origin/pr/3208
 - [deleted]                 (none)     -> origin/pr/3209
 - [deleted]                 (none)     -> origin/pr/3210
 - [deleted]                 (none)     -> origin/pr/3211
 - [deleted]                 (none)     -> origin/pr/3212
 - [deleted]                 (none)     -> origin/pr/3213
 - [deleted]                 (none)     -> origin/pr/3214
 - [deleted]                 (none)     -> origin/pr/3215
 - [deleted]                 (none)     -> origin/pr/3216
 - [deleted]                 (none)     -> origin/pr/3217
 - [deleted]                 (none)     -> origin/pr/3218
 - [deleted]                 (none)     -> origin/pr/3219
 - [deleted]                 (none)     -> origin/pr/3220
 - [deleted]                 (none)     -> origin/pr/3221
 - [deleted]                 (none)     -> origin/pr/3222
 - [deleted]                 (none)     -> origin/pr/3223
 - [deleted]                 (none)     -> origin/pr/3224
 - [deleted]                 (none)     -> origin/pr/3225
 - [deleted]                 (none)     -> origin/pr/3226
 - [deleted]                 (none)     -> origin/pr/3227
 - [deleted]                 (none)     -> origin/pr/3228
 - [deleted]                 (none)     -> origin/pr/3229
 - [deleted]                 (none)     -> origin/pr/3230
 - [deleted]                 (none)     -> origin/pr/3231
 - [deleted]                 (none)     -> origin/pr/3232
 - [deleted]                 (none)     -> origin/pr/3233
 - [deleted]                 (none)     -> origin/pr/3234
 - [deleted]                 (none)     -> origin/pr/3235
 - [deleted]                 (none)     -> origin/pr/3236
 - [deleted]                 (none)     -> origin/pr/3237
 - [deleted]                 (none)     -> origin/pr/3238
 - [deleted]                 (none)     -> origin/pr/3240
 - [deleted]                 (none)     -> origin/pr/3241
 - [deleted]                 (none)     -> origin/pr/3242
 - [deleted]                 (none)     -> origin/pr/3243
 - [deleted]                 (none)     -> origin/pr/3244
 - [deleted]                 (none)     -> origin/pr/3245
 - [deleted]                 (none)     -> origin/pr/3246
 - [deleted]                 (none)     -> origin/pr/3247
 - [deleted]                 (none)     -> origin/pr/3248
 - [deleted]                 (none)     -> origin/pr/3249
 - [deleted]                 (none)     -> origin/pr/3250
 - [deleted]                 (none)     -> origin/pr/3251
 - [deleted]                 (none)     -> origin/pr/3252
 - [deleted]                 (none)     -> origin/pr/3253
 - [deleted]                 (none)     -> origin/pr/3254
 - [deleted]                 (none)     -> origin/pr/3255
 - [deleted]                 (none)     -> origin/pr/3256
 - [deleted]                 (none)     -> origin/pr/3257
 - [deleted]                 (none)     -> origin/pr/3258
 - [deleted]                 (none)     -> origin/pr/3259
 - [deleted]                 (none)     -> origin/pr/3260
 - [deleted]                 (none)     -> origin/pr/3261
 - [deleted]                 (none)     -> origin/pr/3262
 - [deleted]                 (none)     -> origin/pr/3263
 - [deleted]                 (none)     -> origin/pr/3264
 - [deleted]                 (none)     -> origin/pr/3265
 - [deleted]                 (none)     -> origin/pr/3266
 - [deleted]                 (none)     -> origin/pr/3267
 - [deleted]                 (none)     -> origin/pr/3268
 - [deleted]                 (none)     -> origin/pr/3269
 - [deleted]                 (none)     -> origin/pr/3270
 - [deleted]                 (none)     -> origin/pr/3272
 - [deleted]                 (none)     -> origin/pr/3273
 - [deleted]                 (none)     -> origin/pr/3274
 - [deleted]                 (none)     -> origin/pr/3275
 - [deleted]                 (none)     -> origin/pr/3276
 - [deleted]                 (none)     -> origin/pr/3277
 - [deleted]                 (none)     -> origin/pr/3278
 - [deleted]                 (none)     -> origin/pr/3279
 - [deleted]                 (none)     -> origin/pr/3280
 - [deleted]                 (none)     -> origin/pr/3281
 - [deleted]                 (none)     -> origin/pr/3282
 - [deleted]                 (none)     -> origin/pr/3283
 - [deleted]                 (none)     -> origin/pr/3284
 - [deleted]                 (none)     -> origin/pr/3285
 - [deleted]                 (none)     -> origin/pr/3286
 - [deleted]                 (none)     -> origin/pr/3287
 - [deleted]                 (none)     -> origin/pr/3288
 - [deleted]                 (none)     -> origin/pr/3289
 - [deleted]                 (none)     -> origin/pr/3290
 - [deleted]                 (none)     -> origin/pr/3291
 - [deleted]                 (none)     -> origin/pr/3292
 - [deleted]                 (none)     -> origin/pr/3293
 - [deleted]                 (none)     -> origin/pr/3294
 - [deleted]                 (none)     -> origin/pr/3295
 - [deleted]                 (none)     -> origin/pr/3296
 - [deleted]                 (none)     -> origin/pr/3297
 - [deleted]                 (none)     -> origin/pr/3298
 - [deleted]                 (none)     -> origin/pr/3299
 - [deleted]                 (none)     -> origin/pr/3300
 - [deleted]                 (none)     -> origin/pr/3301
 - [deleted]                 (none)     -> origin/pr/3302
 - [deleted]                 (none)     -> origin/pr/3303
 - [deleted]                 (none)     -> origin/pr/3304
 - [deleted]                 (none)     -> origin/pr/3305
 - [deleted]                 (none)     -> origin/pr/3306
 - [deleted]                 (none)     -> origin/pr/3307
 - [deleted]                 (none)     -> origin/pr/3308
 - [deleted]                 (none)     -> origin/pr/3309
 - [deleted]                 (none)     -> origin/pr/3310
 - [deleted]                 (none)     -> origin/pr/3311
 - [deleted]                 (none)     -> origin/pr/3312
 - [deleted]                 (none)     -> origin/pr/3313
 - [deleted]                 (none)     -> origin/pr/3314
 - [deleted]                 (none)     -> origin/pr/3316
 - [deleted]                 (none)     -> origin/pr/3317
 - [deleted]                 (none)     -> origin/pr/3318
 - [deleted]                 (none)     -> origin/pr/3319
 - [deleted]                 (none)     -> origin/pr/3320
 - [deleted]                 (none)     -> origin/pr/3321
 - [deleted]                 (none)     -> origin/pr/3322
 - [deleted]                 (none)     -> origin/pr/3323
 - [deleted]                 (none)     -> origin/pr/3324
 - [deleted]                 (none)     -> origin/pr/3325
 - [deleted]                 (none)     -> origin/pr/3326
 - [deleted]                 (none)     -> origin/pr/3327
 - [deleted]                 (none)     -> origin/pr/3328
 - [deleted]                 (none)     -> origin/pr/3329
 - [deleted]                 (none)     -> origin/pr/3330
 - [deleted]                 (none)     -> origin/pr/3331
 - [deleted]                 (none)     -> origin/pr/3332
 - [deleted]                 (none)     -> origin/pr/3333
 - [deleted]                 (none)     -> origin/pr/3334
 - [deleted]                 (none)     -> origin/pr/3335
 - [deleted]                 (none)     -> origin/pr/3336
 - [deleted]                 (none)     -> origin/pr/3337
 - [deleted]                 (none)     -> origin/pr/3338
 - [deleted]                 (none)     -> origin/pr/3339
 - [deleted]                 (none)     -> origin/pr/3340
 - [deleted]                 (none)     -> origin/pr/3341
 - [deleted]                 (none)     -> origin/pr/3342
 - [deleted]                 (none)     -> origin/pr/3343
 - [deleted]                 (none)     -> origin/pr/3344
 - [deleted]                 (none)     -> origin/pr/3345
 - [deleted]                 (none)     -> origin/pr/3346
 - [deleted]                 (none)     -> origin/pr/3347
 - [deleted]                 (none)     -> origin/pr/3348
 - [deleted]                 (none)     -> origin/pr/3349
 - [deleted]                 (none)     -> origin/pr/3350
 - [deleted]                 (none)     -> origin/pr/3351
 - [deleted]                 (none)     -> origin/pr/3352
 - [deleted]                 (none)     -> origin/pr/3353
 - [deleted]                 (none)     -> origin/pr/3354
 - [deleted]                 (none)     -> origin/pr/3355
 - [deleted]                 (none)     -> origin/pr/3356
 - [deleted]                 (none)     -> origin/pr/3357
 - [deleted]                 (none)     -> origin/pr/3358
 - [deleted]                 (none)     -> origin/pr/3359
 - [deleted]                 (none)     -> origin/pr/3360
 - [deleted]                 (none)     -> origin/pr/3361
 - [deleted]                 (none)     -> origin/pr/3362
 - [deleted]                 (none)     -> origin/pr/3363
 - [deleted]                 (none)     -> origin/pr/3364
 - [deleted]                 (none)     -> origin/pr/3365
 - [deleted]                 (none)     -> origin/pr/3366
 - [deleted]                 (none)     -> origin/pr/3367
 - [deleted]                 (none)     -> origin/pr/3368
 - [deleted]                 (none)     -> origin/pr/3369
 - [deleted]                 (none)     -> origin/pr/3370
 - [deleted]                 (none)     -> origin/pr/3371
 - [deleted]                 (none)     -> origin/pr/3372
 - [deleted]                 (none)     -> origin/pr/3373
 - [deleted]                 (none)     -> origin/pr/3374
 - [deleted]                 (none)     -> origin/pr/3375
 - [deleted]                 (none)     -> origin/pr/3376
 - [deleted]                 (none)     -> origin/pr/3377
 - [deleted]                 (none)     -> origin/pr/3378
 - [deleted]                 (none)     -> origin/pr/3379
 - [deleted]                 (none)     -> origin/pr/3380
 - [deleted]                 (none)     -> origin/pr/3381
 - [deleted]                 (none)     -> origin/pr/3382
 - [deleted]                 (none)     -> origin/pr/3383
 - [deleted]                 (none)     -> origin/pr/3384
 - [deleted]                 (none)     -> origin/pr/3385
 - [deleted]                 (none)     -> origin/pr/3386
 - [deleted]                 (none)     -> origin/pr/3387
 - [deleted]                 (none)     -> origin/pr/3388
 - [deleted]                 (none)     -> origin/pr/3389
 - [deleted]                 (none)     -> origin/pr/3390
 - [deleted]                 (none)     -> origin/pr/3391
 - [deleted]                 (none)     -> origin/pr/3392
 - [deleted]                 (none)     -> origin/pr/3393
 - [deleted]                 (none)     -> origin/pr/3394
 - [deleted]                 (none)     -> origin/pr/3395
 - [deleted]                 (none)     -> origin/pr/3396
 - [deleted]                 (none)     -> origin/pr/3397
 - [deleted]                 (none)     -> origin/pr/3398
 - [deleted]                 (none)     -> origin/pr/3399
 - [deleted]                 (none)     -> origin/pr/3400
 - [deleted]                 (none)     -> origin/pr/3401
 - [deleted]                 (none)     -> origin/pr/3402
 - [deleted]                 (none)     -> origin/pr/3403
 - [deleted]                 (none)     -> origin/pr/3404
 - [deleted]                 (none)     -> origin/pr/3407
 - [deleted]                 (none)     -> origin/pr/3408
 - [deleted]                 (none)     -> origin/pr/3409
 - [deleted]                 (none)     -> origin/pr/3410
 - [deleted]                 (none)     -> origin/pr/3411
 - [deleted]                 (none)     -> origin/pr/3412
 - [deleted]                 (none)     -> origin/pr/3413
 - [deleted]                 (none)     -> origin/pr/3414
 - [deleted]                 (none)     -> origin/pr/3415
 - [deleted]                 (none)     -> origin/pr/3416
 - [deleted]                 (none)     -> origin/pr/3417
 - [deleted]                 (none)     -> origin/pr/3418
 - [deleted]                 (none)     -> origin/pr/3419
 - [deleted]                 (none)     -> origin/pr/3420
 - [deleted]                 (none)     -> origin/pr/3421
 - [deleted]                 (none)     -> origin/pr/3422
 - [deleted]                 (none)     -> origin/pr/3423
 - [deleted]                 (none)     -> origin/pr/3424
 - [deleted]                 (none)     -> origin/pr/3425
 - [deleted]                 (none)     -> origin/pr/3426
 - [deleted]                 (none)     -> origin/pr/3427
 - [deleted]                 (none)     -> origin/pr/3428
 - [deleted]                 (none)     -> origin/pr/3429
 - [deleted]                 (none)     -> origin/pr/3430
 - [deleted]                 (none)     -> origin/pr/3431
 - [deleted]                 (none)     -> origin/pr/3432
 - [deleted]                 (none)     -> origin/pr/3433
 - [deleted]                 (none)     -> origin/pr/3434
 - [deleted]                 (none)     -> origin/pr/3435
 - [deleted]                 (none)     -> origin/pr/3436
 - [deleted]                 (none)     -> origin/pr/3437
 - [deleted]                 (none)     -> origin/pr/3438
 - [deleted]                 (none)     -> origin/pr/3439
 - [deleted]                 (none)     -> origin/pr/3440
 - [deleted]                 (none)     -> origin/pr/3441
 - [deleted]                 (none)     -> origin/pr/3442
 - [deleted]                 (none)     -> origin/pr/3443
 - [deleted]                 (none)     -> origin/pr/3444
 - [deleted]                 (none)     -> origin/pr/3445
 - [deleted]                 (none)     -> origin/pr/3446
 - [deleted]                 (none)     -> origin/pr/3447
 - [deleted]                 (none)     -> origin/pr/3448
 - [deleted]                 (none)     -> origin/pr/3449
 - [deleted]                 (none)     -> origin/pr/3450
 - [deleted]                 (none)     -> origin/pr/3451
 - [deleted]                 (none)     -> origin/pr/3453
 - [deleted]                 (none)     -> origin/pr/3454
 - [deleted]                 (none)     -> origin/pr/3455
 - [deleted]                 (none)     -> origin/pr/3456
 - [deleted]                 (none)     -> origin/pr/3457
 - [deleted]                 (none)     -> origin/pr/3458
 - [deleted]                 (none)     -> origin/pr/3460
 - [deleted]                 (none)     -> origin/pr/3461
 - [deleted]                 (none)     -> origin/pr/3462
 - [deleted]                 (none)     -> origin/pr/3463
 - [deleted]                 (none)     -> origin/pr/3464
 - [deleted]                 (none)     -> origin/pr/3465
 - [deleted]                 (none)     -> origin/pr/3466
 - [deleted]                 (none)     -> origin/pr/3467
 - [deleted]                 (none)     -> origin/pr/3468
 - [deleted]                 (none)     -> origin/pr/3469
 - [deleted]                 (none)     -> origin/pr/3471
 - [deleted]                 (none)     -> origin/pr/3472
 - [deleted]                 (none)     -> origin/pr/3473
 - [deleted]                 (none)     -> origin/pr/3474
 - [deleted]                 (none)     -> origin/pr/3475
 - [deleted]                 (none)     -> origin/pr/3476
 - [deleted]                 (none)     -> origin/pr/3477
 - [deleted]                 (none)     -> origin/pr/3478
 - [deleted]                 (none)     -> origin/pr/3479
 - [deleted]                 (none)     -> origin/pr/3480
 - [deleted]                 (none)     -> origin/pr/3482
 - [deleted]                 (none)     -> origin/pr/3485
 - [deleted]                 (none)     -> origin/pr/3486
 - [deleted]                 (none)     -> origin/pr/3487
 - [deleted]                 (none)     -> origin/pr/3488
 - [deleted]                 (none)     -> origin/pr/3489
 - [deleted]                 (none)     -> origin/pr/3490
 - [deleted]                 (none)     -> origin/pr/3491
 - [deleted]                 (none)     -> origin/pr/3492
 - [deleted]                 (none)     -> origin/pr/3493
 - [deleted]                 (none)     -> origin/pr/3495
 - [deleted]                 (none)     -> origin/pr/3496
 - [deleted]                 (none)     -> origin/pr/3497
 - [deleted]                 (none)     -> origin/pr/3498
 - [deleted]                 (none)     -> origin/pr/3499
 - [deleted]                 (none)     -> origin/pr/3500
 - [deleted]                 (none)     -> origin/pr/3502
 - [deleted]                 (none)     -> origin/pr/3503
 - [deleted]                 (none)     -> origin/pr/3504
 - [deleted]                 (none)     -> origin/pr/3505
 - [deleted]                 (none)     -> origin/pr/3507
 - [deleted]                 (none)     -> origin/pr/3508
 - [deleted]                 (none)     -> origin/pr/3509
 - [deleted]                 (none)     -> origin/pr/3510
 - [deleted]                 (none)     -> origin/pr/3511
 - [deleted]                 (none)     -> origin/pr/3512
 - [deleted]                 (none)     -> origin/pr/3514
 - [deleted]                 (none)     -> origin/pr/3516
 - [deleted]                 (none)     -> origin/pr/3517
 - [deleted]                 (none)     -> origin/pr/3518
 - [deleted]                 (none)     -> origin/pr/3519
 - [deleted]                 (none)     -> origin/pr/3520
 - [deleted]                 (none)     -> origin/pr/3521
 - [deleted]                 (none)     -> origin/pr/3522
 - [deleted]                 (none)     -> origin/pr/3523
 - [deleted]                 (none)     -> origin/pr/3524
 - [deleted]                 (none)     -> origin/pr/3525
 - [deleted]                 (none)     -> origin/pr/3526
 - [deleted]                 (none)     -> origin/pr/3527
 - [deleted]                 (none)     -> origin/pr/3528
 - [deleted]                 (none)     -> origin/pr/3529
 - [deleted]                 (none)     -> origin/pr/3530
 - [deleted]                 (none)     -> origin/pr/3531
 - [deleted]                 (none)     -> origin/pr/3532
 - [deleted]                 (none)     -> origin/pr/3533
 - [deleted]                 (none)     -> origin/pr/3535
 - [deleted]                 (none)     -> origin/pr/3536
 - [deleted]                 (none)     -> origin/pr/3538
 - [deleted]                 (none)     -> origin/pr/3539
 - [deleted]                 (none)     -> origin/pr/3540
 - [deleted]                 (none)     -> origin/pr/3541
 - [deleted]                 (none)     -> origin/pr/3542
 - [deleted]                 (none)     -> origin/pr/3545
 - [deleted]                 (none)     -> origin/pr/3546
 - [deleted]                 (none)     -> origin/pr/3547
 - [deleted]                 (none)     -> origin/pr/3548
 - [deleted]                 (none)     -> origin/pr/3549
 - [deleted]                 (none)     -> origin/pr/3550
 - [deleted]                 (none)     -> origin/pr/3551
 - [deleted]                 (none)     -> origin/pr/3552
 - [deleted]                 (none)     -> origin/pr/3553
 - [deleted]                 (none)     -> origin/pr/3554
 - [deleted]                 (none)     -> origin/pr/3555
 - [deleted]                 (none)     -> origin/pr/3556
 - [deleted]                 (none)     -> origin/pr/3560
 - [deleted]                 (none)     -> origin/pr/3561
 - [deleted]                 (none)     -> origin/pr/3562
 - [deleted]                 (none)     -> origin/pr/3563
 - [deleted]                 (none)     -> origin/pr/3564
 - [deleted]                 (none)     -> origin/pr/3565
 - [deleted]                 (none)     -> origin/pr/3566
 - [deleted]                 (none)     -> origin/pr/3567
 - [deleted]                 (none)     -> origin/pr/3568
 - [deleted]                 (none)     -> origin/pr/3569
 - [deleted]                 (none)     -> origin/pr/3570
 - [deleted]                 (none)     -> origin/pr/3571
 - [deleted]                 (none)     -> origin/pr/3572
 - [deleted]                 (none)     -> origin/pr/3573
 - [deleted]                 (none)     -> origin/pr/3574
 - [deleted]                 (none)     -> origin/pr/3575
 - [deleted]                 (none)     -> origin/pr/3576
 - [deleted]                 (none)     -> origin/pr/3577
 - [deleted]                 (none)     -> origin/pr/3578
 - [deleted]                 (none)     -> origin/pr/3579
 - [deleted]                 (none)     -> origin/pr/3580
 - [deleted]                 (none)     -> origin/pr/3581
 - [deleted]                 (none)     -> origin/pr/3582
 - [deleted]                 (none)     -> origin/pr/3583
 - [deleted]                 (none)     -> origin/pr/3584
 - [deleted]                 (none)     -> origin/pr/3585
 - [deleted]                 (none)     -> origin/pr/3586
 - [deleted]                 (none)     -> origin/pr/3587
 - [deleted]                 (none)     -> origin/pr/3588
 - [deleted]                 (none)     -> origin/pr/3589
 - [deleted]                 (none)     -> origin/pr/3590
 - [deleted]                 (none)     -> origin/pr/3591
 - [deleted]                 (none)     -> origin/pr/3592
 - [deleted]                 (none)     -> origin/pr/3593
 - [deleted]                 (none)     -> origin/pr/3594
 - [deleted]                 (none)     -> origin/pr/3595
 - [deleted]                 (none)     -> origin/pr/3596
 - [deleted]                 (none)     -> origin/pr/3597
 - [deleted]                 (none)     -> origin/pr/3598
 - [deleted]                 (none)     -> origin/pr/3599
 - [deleted]                 (none)     -> origin/pr/3600
 - [deleted]                 (none)     -> origin/pr/3601
 - [deleted]                 (none)     -> origin/pr/3602
 - [deleted]                 (none)     -> origin/pr/3603
 - [deleted]                 (none)     -> origin/pr/3604
 - [deleted]                 (none)     -> origin/pr/3605
 - [deleted]                 (none)     -> origin/pr/3606
 - [deleted]                 (none)     -> origin/pr/3607
 - [deleted]                 (none)     -> origin/pr/3608
 - [deleted]                 (none)     -> origin/pr/3609
 - [deleted]                 (none)     -> origin/pr/3610
 - [deleted]                 (none)     -> origin/pr/3611
 - [deleted]                 (none)     -> origin/pr/3612
 - [deleted]                 (none)     -> origin/pr/3613
 - [deleted]                 (none)     -> origin/pr/3614
 - [deleted]                 (none)     -> origin/pr/3615
 - [deleted]                 (none)     -> origin/pr/3617
 - [deleted]                 (none)     -> origin/pr/3618
 - [deleted]                 (none)     -> origin/pr/3619
 - [deleted]                 (none)     -> origin/pr/3620
 - [deleted]                 (none)     -> origin/pr/3621
 - [deleted]                 (none)     -> origin/pr/3622
 - [deleted]                 (none)     -> origin/pr/3623
 - [deleted]                 (none)     -> origin/pr/3624
 - [deleted]                 (none)     -> origin/pr/3625
 - [deleted]                 (none)     -> origin/pr/3626
 - [deleted]                 (none)     -> origin/pr/3627
 - [deleted]                 (none)     -> origin/pr/3628
 - [deleted]                 (none)     -> origin/pr/3629
 - [deleted]                 (none)     -> origin/pr/3631
 - [deleted]                 (none)     -> origin/pr/3632
 - [deleted]                 (none)     -> origin/pr/3633
 - [deleted]                 (none)     -> origin/pr/3634
 - [deleted]                 (none)     -> origin/pr/3635
 - [deleted]                 (none)     -> origin/pr/3636
 - [deleted]                 (none)     -> origin/pr/3637
 - [deleted]                 (none)     -> origin/pr/3638
 - [deleted]                 (none)     -> origin/pr/3639
 - [deleted]                 (none)     -> origin/pr/3640
 - [deleted]                 (none)     -> origin/pr/3641
 - [deleted]                 (none)     -> origin/pr/3642
 - [deleted]                 (none)     -> origin/pr/3643
 - [deleted]                 (none)     -> origin/pr/3644
 - [deleted]                 (none)     -> origin/pr/3645
 - [deleted]                 (none)     -> origin/pr/3646
 - [deleted]                 (none)     -> origin/pr/3647
 - [deleted]                 (none)     -> origin/pr/3648
 - [deleted]                 (none)     -> origin/pr/3649
 - [deleted]                 (none)     -> origin/pr/3650
 - [deleted]                 (none)     -> origin/pr/3651
 - [deleted]                 (none)     -> origin/pr/3652
 - [deleted]                 (none)     -> origin/pr/3653
 - [deleted]                 (none)     -> origin/pr/3654
 - [deleted]                 (none)     -> origin/pr/3655
 - [deleted]                 (none)     -> origin/pr/3656
 - [deleted]                 (none)     -> origin/pr/3657
 - [deleted]                 (none)     -> origin/pr/3658
 - [deleted]                 (none)     -> origin/pr/3659
 - [deleted]                 (none)     -> origin/pr/3660
 - [deleted]                 (none)     -> origin/pr/3661
 - [deleted]                 (none)     -> origin/pr/3662
 - [deleted]                 (none)     -> origin/pr/3663
 - [deleted]                 (none)     -> origin/pr/3664
 - [deleted]                 (none)     -> origin/pr/3665
 - [deleted]                 (none)     -> origin/pr/3667
 - [deleted]                 (none)     -> origin/pr/3668
 - [deleted]                 (none)     -> origin/pr/3669
 - [deleted]                 (none)     -> origin/pr/3670
 - [deleted]                 (none)     -> origin/pr/3679
 - [deleted]                 (none)     -> origin/pr/3688
 - [deleted]                 (none)     -> origin/pr/3689
 - [deleted]                 (none)     -> origin/pr/3690
 - [deleted]                 (none)     -> origin/pr/3692
 - [deleted]                 (none)     -> origin/pr/3694
 - [deleted]                 (none)     -> origin/pr/3695
 - [deleted]                 (none)     -> origin/pr/3696
 - [deleted]                 (none)     -> origin/pr/3697
 - [deleted]                 (none)     -> origin/pr/3698
 - [deleted]                 (none)     -> origin/pr/3699
 - [deleted]                 (none)     -> origin/pr/3700
 - [deleted]                 (none)     -> origin/pr/3701
 - [deleted]                 (none)     -> origin/pr/3702
 - [deleted]                 (none)     -> origin/pr/3703
 - [deleted]                 (none)     -> origin/pr/3704
 - [deleted]                 (none)     -> origin/pr/3705
 - [deleted]                 (none)     -> origin/pr/3706
 - [deleted]                 (none)     -> origin/pr/3707
 - [deleted]                 (none)     -> origin/pr/3708
 - [deleted]                 (none)     -> origin/pr/3709
 - [deleted]                 (none)     -> origin/pr/3710
 - [deleted]                 (none)     -> origin/pr/3711
 - [deleted]                 (none)     -> origin/pr/3712
 - [deleted]                 (none)     -> origin/pr/3713
 - [deleted]                 (none)     -> origin/pr/3714
 - [deleted]                 (none)     -> origin/pr/3715
 - [deleted]                 (none)     -> origin/pr/3716
 - [deleted]                 (none)     -> origin/pr/3717
 - [deleted]                 (none)     -> origin/pr/3718
 - [deleted]                 (none)     -> origin/pr/3719
 - [deleted]                 (none)     -> origin/pr/3720
 - [deleted]                 (none)     -> origin/pr/3721
 - [deleted]                 (none)     -> origin/pr/3722
 - [deleted]                 (none)     -> origin/pr/3723
 - [deleted]                 (none)     -> origin/pr/3724
 - [deleted]                 (none)     -> origin/pr/3725
 - [deleted]                 (none)     -> origin/pr/3726
 - [deleted]                 (none)     -> origin/pr/3727
 - [deleted]                 (none)     -> origin/pr/3728
 - [deleted]                 (none)     -> origin/pr/3729
 - [deleted]                 (none)     -> origin/pr/3730
 - [deleted]                 (none)     -> origin/pr/3731
 - [deleted]                 (none)     -> origin/pr/3732
 - [deleted]                 (none)     -> origin/pr/3733
 - [deleted]                 (none)     -> origin/pr/3734
 - [deleted]                 (none)     -> origin/pr/3735
 - [deleted]                 (none)     -> origin/pr/3736
 - [deleted]                 (none)     -> origin/pr/3737
 - [deleted]                 (none)     -> origin/pr/3738
 - [deleted]                 (none)     -> origin/pr/3739
 - [deleted]                 (none)     -> origin/pr/3740
 - [deleted]                 (none)     -> origin/pr/3741
 - [deleted]                 (none)     -> origin/pr/3742
 - [deleted]                 (none)     -> origin/pr/3743
 - [deleted]                 (none)     -> origin/pr/3744
 - [deleted]                 (none)     -> origin/pr/3746
 - [deleted]                 (none)     -> origin/pr/3747
 - [deleted]                 (none)     -> origin/pr/3748
 - [deleted]                 (none)     -> origin/pr/3749
 - [deleted]                 (none)     -> origin/pr/3750
 - [deleted]                 (none)     -> origin/pr/3751
 - [deleted]                 (none)     -> origin/pr/3752
 - [deleted]                 (none)     -> origin/pr/3753
 - [deleted]                 (none)     -> origin/pr/3754
 - [deleted]                 (none)     -> origin/pr/3755
 - [deleted]                 (none)     -> origin/pr/3756
 - [deleted]                 (none)     -> origin/pr/3757
 - [deleted]                 (none)     -> origin/pr/3758
 - [deleted]                 (none)     -> origin/pr/3759
 - [deleted]                 (none)     -> origin/pr/3761
 - [deleted]                 (none)     -> origin/pr/3762
 - [deleted]                 (none)     -> origin/pr/3763
 - [deleted]                 (none)     -> origin/pr/3764
 - [deleted]                 (none)     -> origin/pr/3765
 - [deleted]                 (none)     -> origin/pr/3766
 - [deleted]                 (none)     -> origin/pr/3767
 - [deleted]                 (none)     -> origin/pr/3768
 - [deleted]                 (none)     -> origin/pr/3769
 - [deleted]                 (none)     -> origin/pr/3770
 - [deleted]                 (none)     -> origin/pr/3771
 - [deleted]                 (none)     -> origin/pr/3772
 - [deleted]                 (none)     -> origin/pr/3773
 - [deleted]                 (none)     -> origin/pr/3774
 - [deleted]                 (none)     -> origin/pr/3775
 - [deleted]                 (none)     -> origin/pr/3776
 - [deleted]                 (none)     -> origin/pr/3777
 - [deleted]                 (none)     -> origin/pr/3778
 - [deleted]                 (none)     -> origin/pr/3779
 - [deleted]                 (none)     -> origin/pr/3780
 - [deleted]                 (none)     -> origin/pr/3782
 - [deleted]                 (none)     -> origin/pr/3783
 - [deleted]                 (none)     -> origin/pr/3785
 - [deleted]                 (none)     -> origin/pr/3786
 - [deleted]                 (none)     -> origin/pr/3787
 - [deleted]                 (none)     -> origin/pr/3788
 - [deleted]                 (none)     -> origin/pr/3789
 - [deleted]                 (none)     -> origin/pr/3790
 - [deleted]                 (none)     -> origin/pr/3791
 - [deleted]                 (none)     -> origin/pr/3792
 - [deleted]                 (none)     -> origin/pr/3793
 - [deleted]                 (none)     -> origin/pr/3794
 - [deleted]                 (none)     -> origin/pr/3796
 - [deleted]                 (none)     -> origin/pr/3797
 - [deleted]                 (none)     -> origin/pr/3798
 - [deleted]                 (none)     -> origin/pr/3799
 - [deleted]                 (none)     -> origin/pr/3800
 - [deleted]                 (none)     -> origin/pr/3801
 - [deleted]                 (none)     -> origin/pr/3802
 - [deleted]                 (none)     -> origin/pr/3803
 - [deleted]                 (none)     -> origin/pr/3804
 - [deleted]                 (none)     -> origin/pr/3805
 - [deleted]                 (none)     -> origin/pr/3806
 - [deleted]                 (none)     -> origin/pr/3807
 - [deleted]                 (none)     -> origin/pr/3808
 - [deleted]                 (none)     -> origin/pr/3809
 - [deleted]                 (none)     -> origin/pr/3810
 - [deleted]                 (none)     -> origin/pr/3811
 - [deleted]                 (none)     -> origin/pr/3812
 - [deleted]                 (none)     -> origin/pr/3813
 - [deleted]                 (none)     -> origin/pr/3814
 - [deleted]                 (none)     -> origin/pr/3815
 - [deleted]                 (none)     -> origin/pr/3816
 - [deleted]                 (none)     -> origin/pr/3817
 - [deleted]                 (none)     -> origin/pr/3818
 - [deleted]                 (none)     -> origin/pr/3819
 - [deleted]                 (none)     -> origin/pr/3820
 - [deleted]                 (none)     -> origin/pr/3821
 - [deleted]                 (none)     -> origin/pr/3822
 - [deleted]                 (none)     -> origin/pr/3823
 - [deleted]                 (none)     -> origin/pr/3824
 - [deleted]                 (none)     -> origin/pr/3825
 - [deleted]                 (none)     -> origin/pr/3826
 - [deleted]                 (none)     -> origin/pr/3827
 - [deleted]                 (none)     -> origin/pr/3828
 - [deleted]                 (none)     -> origin/pr/3829
 - [deleted]                 (none)     -> origin/pr/3830
 - [deleted]                 (none)     -> origin/pr/3831
 - [deleted]                 (none)     -> origin/pr/3832
 - [deleted]                 (none)     -> origin/pr/3833
 - [deleted]                 (none)     -> origin/pr/3834
 - [deleted]                 (none)     -> origin/pr/3835
 - [deleted]                 (none)     -> origin/pr/3836
 - [deleted]                 (none)     -> origin/pr/3837
 - [deleted]                 (none)     -> origin/pr/3839
 - [deleted]                 (none)     -> origin/pr/3840
 - [deleted]                 (none)     -> origin/pr/3841
 - [deleted]                 (none)     -> origin/pr/3842
 - [deleted]                 (none)     -> origin/pr/3843
 - [deleted]                 (none)     -> origin/pr/3844
 - [deleted]                 (none)     -> origin/pr/3845
 - [deleted]                 (none)     -> origin/pr/3846
 - [deleted]                 (none)     -> origin/pr/3847
 - [deleted]                 (none)     -> origin/pr/3848
 - [deleted]                 (none)     -> origin/pr/3849
 - [deleted]                 (none)     -> origin/pr/3851
 - [deleted]                 (none)     -> origin/pr/3852
 - [deleted]                 (none)     -> origin/pr/3853
 - [deleted]                 (none)     -> origin/pr/3854
 - [deleted]                 (none)     -> origin/pr/3855
 - [deleted]                 (none)     -> origin/pr/3856
 - [deleted]                 (none)     -> origin/pr/3857
 - [deleted]                 (none)     -> origin/pr/3858
 - [deleted]                 (none)     -> origin/pr/3859
 - [deleted]                 (none)     -> origin/pr/3860
 - [deleted]                 (none)     -> origin/pr/3861
 - [deleted]                 (none)     -> origin/pr/3862
 - [deleted]                 (none)     -> origin/pr/3863
 - [deleted]                 (none)     -> origin/pr/3864
 - [deleted]                 (none)     -> origin/pr/3865
 - [deleted]                 (none)     -> origin/pr/3866
 - [deleted]                 (none)     -> origin/pr/3868
 - [deleted]                 (none)     -> origin/pr/3869
 - [deleted]                 (none)     -> origin/pr/3870
 - [deleted]                 (none)     -> origin/pr/3871
 - [deleted]                 (none)     -> origin/pr/3872
 - [deleted]                 (none)     -> origin/pr/3873
 - [deleted]                 (none)     -> origin/pr/3874
 - [deleted]                 (none)     -> origin/pr/3875
 - [deleted]                 (none)     -> origin/pr/3876
 - [deleted]                 (none)     -> origin/pr/3877
 - [deleted]                 (none)     -> origin/pr/3878
 - [deleted]                 (none)     -> origin/pr/3879
 - [deleted]                 (none)     -> origin/pr/3882
 - [deleted]                 (none)     -> origin/pr/3883
 - [deleted]                 (none)     -> origin/pr/3884
 - [deleted]                 (none)     -> origin/pr/3885
 - [deleted]                 (none)     -> origin/pr/3886
 - [deleted]                 (none)     -> origin/pr/3887
 - [deleted]                 (none)     -> origin/pr/3890
 - [deleted]                 (none)     -> origin/pr/3891
 - [deleted]                 (none)     -> origin/pr/3892
 - [deleted]                 (none)     -> origin/pr/3894
 - [deleted]                 (none)     -> origin/pr/3895
 - [deleted]                 (none)     -> origin/pr/3896
 - [deleted]                 (none)     -> origin/pr/3897
 - [deleted]                 (none)     -> origin/pr/3898
 - [deleted]                 (none)     -> origin/pr/3899
 - [deleted]                 (none)     -> origin/pr/3900
 - [deleted]                 (none)     -> origin/pr/3901
 - [deleted]                 (none)     -> origin/pr/3902
 - [deleted]                 (none)     -> origin/pr/3903
 - [deleted]                 (none)     -> origin/pr/3904
 - [deleted]                 (none)     -> origin/pr/3905
 - [deleted]                 (none)     -> origin/pr/3906
 - [deleted]                 (none)     -> origin/pr/3907
 - [deleted]                 (none)     -> origin/pr/3908
 - [deleted]                 (none)     -> origin/pr/3909
 - [deleted]                 (none)     -> origin/pr/3910
 - [deleted]                 (none)     -> origin/pr/3911
 - [deleted]                 (none)     -> origin/pr/3912
 - [deleted]                 (none)     -> origin/pr/3913
 - [deleted]                 (none)     -> origin/pr/3914
 - [deleted]                 (none)     -> origin/pr/3915
 - [deleted]                 (none)     -> origin/pr/3916
 - [deleted]                 (none)     -> origin/pr/3917
 - [deleted]                 (none)     -> origin/pr/3918
 - [deleted]                 (none)     -> origin/pr/3919
 - [deleted]                 (none)     -> origin/pr/3920
 - [deleted]                 (none)     -> origin/pr/3921
 - [deleted]                 (none)     -> origin/pr/3922
 - [deleted]                 (none)     -> origin/pr/3923
 - [deleted]                 (none)     -> origin/pr/3924
 - [deleted]                 (none)     -> origin/pr/3925
 - [deleted]                 (none)     -> origin/pr/3926
 - [deleted]                 (none)     -> origin/pr/3927
 - [deleted]                 (none)     -> origin/pr/3928
 - [deleted]                 (none)     -> origin/pr/3929
 - [deleted]                 (none)     -> origin/pr/3930
 - [deleted]                 (none)     -> origin/pr/3931
 - [deleted]                 (none)     -> origin/pr/3932
 - [deleted]                 (none)     -> origin/pr/3933
 - [deleted]                 (none)     -> origin/pr/3934
 - [deleted]                 (none)     -> origin/pr/3935
 - [deleted]                 (none)     -> origin/pr/3936
 - [deleted]                 (none)     -> origin/pr/3937
 - [deleted]                 (none)     -> origin/pr/3938
 - [deleted]                 (none)     -> origin/pr/3939
 - [deleted]                 (none)     -> origin/pr/3940
 - [deleted]                 (none)     -> origin/pr/3941
 - [deleted]                 (none)     -> origin/pr/3942
 - [deleted]                 (none)     -> origin/pr/3943
 - [deleted]                 (none)     -> origin/pr/3944
 - [deleted]                 (none)     -> origin/pr/3945
 - [deleted]                 (none)     -> origin/pr/3946
 - [deleted]                 (none)     -> origin/pr/3947
 - [deleted]                 (none)     -> origin/pr/3948
 - [deleted]                 (none)     -> origin/pr/3949
 - [deleted]                 (none)     -> origin/pr/3950
 - [deleted]                 (none)     -> origin/pr/3951
 - [deleted]                 (none)     -> origin/pr/3954
 - [deleted]                 (none)     -> origin/pr/3955
 - [deleted]                 (none)     -> origin/pr/3956
 - [deleted]                 (none)     -> origin/pr/3957
 - [deleted]                 (none)     -> origin/pr/3958
 - [deleted]                 (none)     -> origin/pr/3959
 - [deleted]                 (none)     -> origin/pr/3960
 - [deleted]                 (none)     -> origin/pr/3961
 - [deleted]                 (none)     -> origin/pr/3962
 - [deleted]                 (none)     -> origin/pr/3963
 - [deleted]                 (none)     -> origin/pr/3964
 - [deleted]                 (none)     -> origin/pr/3965
 - [deleted]                 (none)     -> origin/pr/3966
 - [deleted]                 (none)     -> origin/pr/3967
 - [deleted]                 (none)     -> origin/pr/3968
 - [deleted]                 (none)     -> origin/pr/3969
 - [deleted]                 (none)     -> origin/pr/3971
 - [deleted]                 (none)     -> origin/pr/3972
 - [deleted]                 (none)     -> origin/pr/3974
 - [deleted]                 (none)     -> origin/pr/3975
 - [deleted]                 (none)     -> origin/pr/3976
 - [deleted]                 (none)     -> origin/pr/3977
 - [deleted]                 (none)     -> origin/pr/3978
 - [deleted]                 (none)     -> origin/pr/3979
 - [deleted]                 (none)     -> origin/pr/3980
 - [deleted]                 (none)     -> origin/pr/3981
 - [deleted]                 (none)     -> origin/pr/3982
 - [deleted]                 (none)     -> origin/pr/3983
 - [deleted]                 (none)     -> origin/pr/3984
 - [deleted]                 (none)     -> origin/pr/3985
 - [deleted]                 (none)     -> origin/pr/3986
 - [deleted]                 (none)     -> origin/pr/3987
 - [deleted]                 (none)     -> origin/pr/3988
 - [deleted]                 (none)     -> origin/pr/3989
 - [deleted]                 (none)     -> origin/pr/3990
 - [deleted]                 (none)     -> origin/pr/3992
 - [deleted]                 (none)     -> origin/pr/3993
 - [deleted]                 (none)     -> origin/pr/3994
 - [deleted]                 (none)     -> origin/pr/3995
 - [deleted]                 (none)     -> origin/pr/3996
 - [deleted]                 (none)     -> origin/pr/3997
 - [deleted]                 (none)     -> origin/pr/3998
 - [deleted]                 (none)     -> origin/pr/3999
 - [deleted]                 (none)     -> origin/pr/4000
 - [deleted]                 (none)     -> origin/pr/4001
 - [deleted]                 (none)     -> origin/pr/4002
 - [deleted]                 (none)     -> origin/pr/4003
 - [deleted]                 (none)     -> origin/pr/4004
 - [deleted]                 (none)     -> origin/pr/4005
 - [deleted]                 (none)     -> origin/pr/4006
 - [deleted]                 (none)     -> origin/pr/4007
 - [deleted]                 (none)     -> origin/pr/4009
 - [deleted]                 (none)     -> origin/pr/4010
 - [deleted]                 (none)     -> origin/pr/4011
 - [deleted]                 (none)     -> origin/pr/4012
 - [deleted]                 (none)     -> origin/pr/4013
 - [deleted]                 (none)     -> origin/pr/4014
 - [deleted]                 (none)     -> origin/pr/4015
 - [deleted]                 (none)     -> origin/pr/4016
 - [deleted]                 (none)     -> origin/pr/4017
 - [deleted]                 (none)     -> origin/pr/4018
 - [deleted]                 (none)     -> origin/pr/4019
 - [deleted]                 (none)     -> origin/pr/4020
 - [deleted]                 (none)     -> origin/pr/4021
 - [deleted]                 (none)     -> origin/pr/4022
 - [deleted]                 (none)     -> origin/pr/4023
 - [deleted]                 (none)     -> origin/pr/4024
 - [deleted]                 (none)     -> origin/pr/4025
 - [deleted]                 (none)     -> origin/pr/4026
 - [deleted]                 (none)     -> origin/pr/4027
 - [deleted]                 (none)     -> origin/pr/4028
 - [deleted]                 (none)     -> origin/pr/4029
 - [deleted]                 (none)     -> origin/pr/4030
 - [deleted]                 (none)     -> origin/pr/4031
 - [deleted]                 (none)     -> origin/pr/4032
 - [deleted]                 (none)     -> origin/pr/4033
 - [deleted]                 (none)     -> origin/pr/4034
 - [deleted]                 (none)     -> origin/pr/4035
 - [deleted]                 (none)     -> origin/pr/4037
 - [deleted]                 (none)     -> origin/pr/4038
 - [deleted]                 (none)     -> origin/pr/4039
 - [deleted]                 (none)     -> origin/pr/4040
 - [deleted]                 (none)     -> origin/pr/4041
 - [deleted]                 (none)     -> origin/pr/4042
 - [deleted]                 (none)     -> origin/pr/4043
 - [deleted]                 (none)     -> origin/pr/4044
 - [deleted]                 (none)     -> origin/pr/4047
 - [deleted]                 (none)     -> origin/pr/4048
 - [deleted]                 (none)     -> origin/pr/4049
 - [deleted]                 (none)     -> origin/pr/4051
 - [deleted]                 (none)     -> origin/pr/4052
 - [deleted]                 (none)     -> origin/pr/4053
 - [deleted]                 (none)     -> origin/pr/4054
 - [deleted]                 (none)     -> origin/pr/4055
 - [deleted]                 (none)     -> origin/pr/4056
 - [deleted]                 (none)     -> origin/pr/4057
 - [deleted]                 (none)     -> origin/pr/4058
 - [deleted]                 (none)     -> origin/pr/4059
 - [deleted]                 (none)     -> origin/pr/4060
 - [deleted]                 (none)     -> origin/pr/4061
 - [deleted]                 (none)     -> origin/pr/4062
 - [deleted]                 (none)     -> origin/pr/4063
 - [deleted]                 (none)     -> origin/pr/4064
 - [deleted]                 (none)     -> origin/pr/4065
 - [deleted]                 (none)     -> origin/pr/4066
 - [deleted]                 (none)     -> origin/pr/4067
 - [deleted]                 (none)     -> origin/pr/4068
 - [deleted]                 (none)     -> origin/pr/4069
 - [deleted]                 (none)     -> origin/pr/4070
 - [deleted]                 (none)     -> origin/pr/4071
 - [deleted]                 (none)     -> origin/pr/4072
 - [deleted]                 (none)     -> origin/pr/4073
 - [deleted]                 (none)     -> origin/pr/4074
 - [deleted]                 (none)     -> origin/pr/4075
 - [deleted]                 (none)     -> origin/pr/4076
 - [deleted]                 (none)     -> origin/pr/4077
 - [deleted]                 (none)     -> origin/pr/4078
 - [deleted]                 (none)     -> origin/pr/4079
 - [deleted]                 (none)     -> origin/pr/4080
 - [deleted]                 (none)     -> origin/pr/4081
 - [deleted]                 (none)     -> origin/pr/4083
 - [deleted]                 (none)     -> origin/pr/4084
 - [deleted]                 (none)     -> origin/pr/4085
 - [deleted]                 (none)     -> origin/pr/4086
 - [deleted]                 (none)     -> origin/pr/4087
 - [deleted]                 (none)     -> origin/pr/4088
 - [deleted]                 (none)     -> origin/pr/4089
 - [deleted]                 (none)     -> origin/pr/4090
 - [deleted]                 (none)     -> origin/pr/4091
 - [deleted]                 (none)     -> origin/pr/4092
 - [deleted]                 (none)     -> origin/pr/4094
 - [deleted]                 (none)     -> origin/pr/4095
 - [deleted]                 (none)     -> origin/pr/4096
 - [deleted]                 (none)     -> origin/pr/4097
 - [deleted]                 (none)     -> origin/pr/4098
 - [deleted]                 (none)     -> origin/pr/4099
 - [deleted]                 (none)     -> origin/pr/4100
 - [deleted]                 (none)     -> origin/pr/4101
 - [deleted]                 (none)     -> origin/pr/4102
 - [deleted]                 (none)     -> origin/pr/4103
 - [deleted]                 (none)     -> origin/pr/4104
 - [deleted]                 (none)     -> origin/pr/4105
 - [deleted]                 (none)     -> origin/pr/4106
 - [deleted]                 (none)     -> origin/pr/4107
 - [deleted]                 (none)     -> origin/pr/4108
 - [deleted]                 (none)     -> origin/pr/4109
 - [deleted]                 (none)     -> origin/pr/4110
 - [deleted]                 (none)     -> origin/pr/4111
 - [deleted]                 (none)     -> origin/pr/4112
 - [deleted]                 (none)     -> origin/pr/4113
 - [deleted]                 (none)     -> origin/pr/4114
 - [deleted]                 (none)     -> origin/pr/4115
 - [deleted]                 (none)     -> origin/pr/4119
 - [deleted]                 (none)     -> origin/pr/4120
 - [deleted]                 (none)     -> origin/pr/4121
 - [deleted]                 (none)     -> origin/pr/4122
 - [deleted]                 (none)     -> origin/pr/4123
 - [deleted]                 (none)     -> origin/pr/4124
 - [deleted]                 (none)     -> origin/pr/4125
 - [deleted]                 (none)     -> origin/pr/4126
 - [deleted]                 (none)     -> origin/pr/4127
 - [deleted]                 (none)     -> origin/pr/4128
 - [deleted]                 (none)     -> origin/pr/4129
 - [deleted]                 (none)     -> origin/pr/4130
 - [deleted]                 (none)     -> origin/pr/4131
 - [deleted]                 (none)     -> origin/pr/4132
 - [deleted]                 (none)     -> origin/pr/4133
 - [deleted]                 (none)     -> origin/pr/4134
 - [deleted]                 (none)     -> origin/pr/4135
 - [deleted]                 (none)     -> origin/pr/4136
 - [deleted]                 (none)     -> origin/pr/4137
 - [deleted]                 (none)     -> origin/pr/4140
 - [deleted]                 (none)     -> origin/pr/4141
 - [deleted]                 (none)     -> origin/pr/4143
 - [deleted]                 (none)     -> origin/pr/4144
 - [deleted]                 (none)     -> origin/pr/4145
 - [deleted]                 (none)     -> origin/pr/4146
 - [deleted]                 (none)     -> origin/pr/4147
 - [deleted]                 (none)     -> origin/pr/4148
 - [deleted]                 (none)     -> origin/pr/4149
 - [deleted]                 (none)     -> origin/pr/4150
 - [deleted]                 (none)     -> origin/pr/4151
 - [deleted]                 (none)     -> origin/pr/4152
 - [deleted]                 (none)     -> origin/pr/4153
 - [deleted]                 (none)     -> origin/pr/4156
 - [deleted]                 (none)     -> origin/pr/4157
 - [deleted]                 (none)     -> origin/pr/4159
 - [deleted]                 (none)     -> origin/pr/4160
 - [deleted]                 (none)     -> origin/pr/4161
 - [deleted]                 (none)     -> origin/pr/4163
 - [deleted]                 (none)     -> origin/pr/4164
 - [deleted]                 (none)     -> origin/pr/4165
 - [deleted]                 (none)     -> origin/pr/4166
 - [deleted]                 (none)     -> origin/pr/4167
 - [deleted]                 (none)     -> origin/pr/4168
 - [deleted]                 (none)     -> origin/pr/4169
 - [deleted]                 (none)     -> origin/pr/4170
 - [deleted]                 (none)     -> origin/pr/4171
 - [deleted]                 (none)     -> origin/pr/4172
 - [deleted]                 (none)     -> origin/pr/4174
 - [deleted]                 (none)     -> origin/pr/4175
 - [deleted]                 (none)     -> origin/pr/4176
 - [deleted]                 (none)     -> origin/pr/4177
 - [deleted]                 (none)     -> origin/pr/4178
 - [deleted]                 (none)     -> origin/pr/4179
 - [deleted]                 (none)     -> origin/pr/4180
 - [deleted]                 (none)     -> origin/pr/4181
 - [deleted]                 (none)     -> origin/pr/4182
 - [deleted]                 (none)     -> origin/pr/4183
 - [deleted]                 (none)     -> origin/pr/4184
 - [deleted]                 (none)     -> origin/pr/4185
 - [deleted]                 (none)     -> origin/pr/4186
 - [deleted]                 (none)     -> origin/pr/4187
 - [deleted]                 (none)     -> origin/pr/4188
 - [deleted]                 (none)     -> origin/pr/4189
 - [deleted]                 (none)     -> origin/pr/4190
 - [deleted]                 (none)     -> origin/pr/4191
 - [deleted]                 (none)     -> origin/pr/4193
 - [deleted]                 (none)     -> origin/pr/4194
 - [deleted]                 (none)     -> origin/pr/4195
 - [deleted]                 (none)     -> origin/pr/4196
 - [deleted]                 (none)     -> origin/pr/4197
 - [deleted]                 (none)     -> origin/pr/4198
 - [deleted]                 (none)     -> origin/pr/4199
 - [deleted]                 (none)     -> origin/pr/4200
 - [deleted]                 (none)     -> origin/pr/4201
 - [deleted]                 (none)     -> origin/pr/4202
 - [deleted]                 (none)     -> origin/pr/4203
 - [deleted]                 (none)     -> origin/pr/4204
 - [deleted]                 (none)     -> origin/pr/4205
 - [deleted]                 (none)     -> origin/pr/4207
 - [deleted]                 (none)     -> origin/pr/4208
 - [deleted]                 (none)     -> origin/pr/4209
 - [deleted]                 (none)     -> origin/pr/4210
 - [deleted]                 (none)     -> origin/pr/4211
 - [deleted]                 (none)     -> origin/pr/4212
 - [deleted]                 (none)     -> origin/pr/4213
 - [deleted]                 (none)     -> origin/pr/4214
 - [deleted]                 (none)     -> origin/pr/4215
 - [deleted]                 (none)     -> origin/pr/4217
 - [deleted]                 (none)     -> origin/pr/4218
 - [deleted]                 (none)     -> origin/pr/4219
 - [deleted]                 (none)     -> origin/pr/4220
 - [deleted]                 (none)     -> origin/pr/4221
 - [deleted]                 (none)     -> origin/pr/4222
 - [deleted]                 (none)     -> origin/pr/4223
 - [deleted]                 (none)     -> origin/pr/4224
 - [deleted]                 (none)     -> origin/pr/4226
 - [deleted]                 (none)     -> origin/pr/4227
 - [deleted]                 (none)     -> origin/pr/4229
 - [deleted]                 (none)     -> origin/pr/4230
 - [deleted]                 (none)     -> origin/pr/4233
 - [deleted]                 (none)     -> origin/pr/4234
 - [deleted]                 (none)     -> origin/pr/4235
 - [deleted]                 (none)     -> origin/pr/4237
 - [deleted]                 (none)     -> origin/pr/4238
 - [deleted]                 (none)     -> origin/pr/4239
 - [deleted]                 (none)     -> origin/pr/4240
 - [deleted]                 (none)     -> origin/pr/4241
 - [deleted]                 (none)     -> origin/pr/4242
 - [deleted]                 (none)     -> origin/pr/4243
 - [deleted]                 (none)     -> origin/pr/4244
 - [deleted]                 (none)     -> origin/pr/4245
 - [deleted]                 (none)     -> origin/pr/4246
 - [deleted]                 (none)     -> origin/pr/4247
 - [deleted]                 (none)     -> origin/pr/4248
 - [deleted]                 (none)     -> origin/pr/4249
 - [deleted]                 (none)     -> origin/pr/4253
 - [deleted]                 (none)     -> origin/pr/4254
 - [deleted]                 (none)     -> origin/pr/4255
 - [deleted]                 (none)     -> origin/pr/4256
 - [deleted]                 (none)     -> origin/pr/4257
 - [deleted]                 (none)     -> origin/pr/4258
 - [deleted]                 (none)     -> origin/pr/4259
 - [deleted]                 (none)     -> origin/pr/4260
 - [deleted]                 (none)     -> origin/pr/4261
 - [deleted]                 (none)     -> origin/pr/4262
 - [deleted]                 (none)     -> origin/pr/4263
 - [deleted]                 (none)     -> origin/pr/4264
 - [deleted]                 (none)     -> origin/pr/4265
 - [deleted]                 (none)     -> origin/pr/4266
 - [deleted]                 (none)     -> origin/pr/4267
 - [deleted]                 (none)     -> origin/pr/4268
 - [deleted]                 (none)     -> origin/pr/4269
 - [deleted]                 (none)     -> origin/pr/4270
 - [deleted]                 (none)     -> origin/pr/4271
 - [deleted]                 (none)     -> origin/pr/4272
 - [deleted]                 (none)     -> origin/pr/4273
 - [deleted]                 (none)     -> origin/pr/4274
 - [deleted]                 (none)     -> origin/pr/4275
 - [deleted]                 (none)     -> origin/pr/4276
 - [deleted]                 (none)     -> origin/pr/4277
 - [deleted]                 (none)     -> origin/pr/4278
 - [deleted]                 (none)     -> origin/pr/4279
 - [deleted]                 (none)     -> origin/pr/4280
 - [deleted]                 (none)     -> origin/pr/4281
 - [deleted]                 (none)     -> origin/pr/4282
 - [deleted]                 (none)     -> origin/pr/4283
 - [deleted]                 (none)     -> origin/pr/4284
 - [deleted]                 (none)     -> origin/pr/4285
 - [deleted]                 (none)     -> origin/pr/4286
 - [deleted]                 (none)     -> origin/pr/4287
 - [deleted]                 (none)     -> origin/pr/4288
 - [deleted]                 (none)     -> origin/pr/4289
 - [deleted]                 (none)     -> origin/pr/4290
 - [deleted]                 (none)     -> origin/pr/4291
 - [deleted]                 (none)     -> origin/pr/4293
 - [deleted]                 (none)     -> origin/pr/4294
 - [deleted]                 (none)     -> origin/pr/4295
 - [deleted]                 (none)     -> origin/pr/4296
 - [deleted]                 (none)     -> origin/pr/4297
 - [deleted]                 (none)     -> origin/pr/4298
 - [deleted]                 (none)     -> origin/pr/4300
 - [deleted]                 (none)     -> origin/pr/4301
 - [deleted]                 (none)     -> origin/pr/4302
 - [deleted]                 (none)     -> origin/pr/4305
 - [deleted]                 (none)     -> origin/pr/4307
 - [deleted]                 (none)     -> origin/pr/4308
 - [deleted]                 (none)     -> origin/pr/4309
 - [deleted]                 (none)     -> origin/pr/4310
 - [deleted]                 (none)     -> origin/pr/4311
 - [deleted]                 (none)     -> origin/pr/4312
 - [deleted]                 (none)     -> origin/pr/4313
 - [deleted]                 (none)     -> origin/pr/4314
 - [deleted]                 (none)     -> origin/pr/4315
 - [deleted]                 (none)     -> origin/pr/4316
 - [deleted]                 (none)     -> origin/pr/4317
 - [deleted]                 (none)     -> origin/pr/4318
 - [deleted]                 (none)     -> origin/pr/4319
 - [deleted]                 (none)     -> origin/pr/4320
 - [deleted]                 (none)     -> origin/pr/4321
 - [deleted]                 (none)     -> origin/pr/4322
 - [deleted]                 (none)     -> origin/pr/4323
 - [deleted]                 (none)     -> origin/pr/4324
 - [deleted]                 (none)     -> origin/pr/4326
 - [deleted]                 (none)     -> origin/pr/4327
 - [deleted]                 (none)     -> origin/pr/4328
 - [deleted]                 (none)     -> origin/pr/4329
 - [deleted]                 (none)     -> origin/pr/4330
 - [deleted]                 (none)     -> origin/pr/4331
 - [deleted]                 (none)     -> origin/pr/4332
 - [deleted]                 (none)     -> origin/pr/4333
 - [deleted]                 (none)     -> origin/pr/4334
 - [deleted]                 (none)     -> origin/pr/4335
 - [deleted]                 (none)     -> origin/pr/4336
 - [deleted]                 (none)     -> origin/pr/4337
 - [deleted]                 (none)     -> origin/pr/4338
 - [deleted]                 (none)     -> origin/pr/4339
 - [deleted]                 (none)     -> origin/pr/4340
 - [deleted]                 (none)     -> origin/pr/4341
 - [deleted]                 (none)     -> origin/pr/4342
 - [deleted]                 (none)     -> origin/pr/4344
 - [deleted]                 (none)     -> origin/pr/4345
 - [deleted]                 (none)     -> origin/pr/4346
 - [deleted]                 (none)     -> origin/pr/4347
 - [deleted]                 (none)     -> origin/pr/4348
 - [deleted]                 (none)     -> origin/pr/4350
 - [deleted]                 (none)     -> origin/pr/4351
 - [deleted]                 (none)     -> origin/pr/4352
 - [deleted]                 (none)     -> origin/pr/4353
 - [deleted]                 (none)     -> origin/pr/4354
 - [deleted]                 (none)     -> origin/pr/4355
 - [deleted]                 (none)     -> origin/pr/4356
 - [deleted]                 (none)     -> origin/pr/4357
 - [deleted]                 (none)     -> origin/pr/4358
 - [deleted]                 (none)     -> origin/pr/4359
 - [deleted]                 (none)     -> origin/pr/4360
 - [deleted]                 (none)     -> origin/pr/4361
 - [deleted]                 (none)     -> origin/pr/4362
 - [deleted]                 (none)     -> origin/pr/4364
 - [deleted]                 (none)     -> origin/pr/4365
 - [deleted]                 (none)     -> origin/pr/4366
 - [deleted]                 (none)     -> origin/pr/4367
 - [deleted]                 (none)     -> origin/pr/4368
 - [deleted]                 (none)     -> origin/pr/4369
 - [deleted]                 (none)     -> origin/pr/4370
 - [deleted]                 (none)     -> origin/pr/4371
 - [deleted]                 (none)     -> origin/pr/4372
 - [deleted]                 (none)     -> origin/pr/4373
 - [deleted]                 (none)     -> origin/pr/4374
 - [deleted]                 (none)     -> origin/pr/4375
 - [deleted]                 (none)     -> origin/pr/4377
 - [deleted]                 (none)     -> origin/pr/4378
 - [deleted]                 (none)     -> origin/pr/4380
 - [deleted]                 (none)     -> origin/pr/4381
 - [deleted]                 (none)     -> origin/pr/4382
 - [deleted]                 (none)     -> origin/pr/4383
 - [deleted]                 (none)     -> origin/pr/4384
 - [deleted]                 (none)     -> origin/pr/4386
 - [deleted]                 (none)     -> origin/pr/4387
 - [deleted]                 (none)     -> origin/pr/4388
 - [deleted]                 (none)     -> origin/pr/4389
 - [deleted]                 (none)     -> origin/pr/4390
 - [deleted]                 (none)     -> origin/pr/4391
 - [deleted]                 (none)     -> origin/pr/4392
 - [deleted]                 (none)     -> origin/pr/4393
 - [deleted]                 (none)     -> origin/pr/4394
 - [deleted]                 (none)     -> origin/pr/4395
 - [deleted]                 (none)     -> origin/pr/4396
 - [deleted]                 (none)     -> origin/pr/4397
 - [deleted]                 (none)     -> origin/pr/4398
 - [deleted]                 (none)     -> origin/pr/4399
 - [deleted]                 (none)     -> origin/pr/4401
 - [deleted]                 (none)     -> origin/pr/4402
 - [deleted]                 (none)     -> origin/pr/4403
 - [deleted]                 (none)     -> origin/pr/4404
 - [deleted]                 (none)     -> origin/pr/4405
 - [deleted]                 (none)     -> origin/pr/4406
 - [deleted]                 (none)     -> origin/pr/4407
 - [deleted]                 (none)     -> origin/pr/4408
 - [deleted]                 (none)     -> origin/pr/4409
 - [deleted]                 (none)     -> origin/pr/4410
 - [deleted]                 (none)     -> origin/pr/4411
 - [deleted]                 (none)     -> origin/pr/4412
 - [deleted]                 (none)     -> origin/pr/4414
 - [deleted]                 (none)     -> origin/pr/4416
 - [deleted]                 (none)     -> origin/pr/4417
 - [deleted]                 (none)     -> origin/pr/4418
 - [deleted]                 (none)     -> origin/pr/4420
 - [deleted]                 (none)     -> origin/pr/4421
 - [deleted]                 (none)     -> origin/pr/4422
 - [deleted]                 (none)     -> origin/pr/4423
 - [deleted]                 (none)     -> origin/pr/4424
 - [deleted]                 (none)     -> origin/pr/4425
 - [deleted]                 (none)     -> origin/pr/4426
 - [deleted]                 (none)     -> origin/pr/4427
 - [deleted]                 (none)     -> origin/pr/4430
 - [deleted]                 (none)     -> origin/pr/4431
 - [deleted]                 (none)     -> origin/pr/4432
 - [deleted]                 (none)     -> origin/pr/4433
 - [deleted]                 (none)     -> origin/pr/4434
 - [deleted]                 (none)     -> origin/pr/4435
 - [deleted]                 (none)     -> origin/pr/4436
 - [deleted]                 (none)     -> origin/pr/4437
 - [deleted]                 (none)     -> origin/pr/4439
 - [deleted]                 (none)     -> origin/pr/4440
 - [deleted]                 (none)     -> origin/pr/4441
 - [deleted]                 (none)     -> origin/pr/4442
 - [deleted]                 (none)     -> origin/pr/4443
 - [deleted]                 (none)     -> origin/pr/4444
 - [deleted]                 (none)     -> origin/pr/4445
 - [deleted]                 (none)     -> origin/pr/4446
 - [deleted]                 (none)     -> origin/pr/4447
 - [deleted]                 (none)     -> origin/pr/4449
 - [deleted]                 (none)     -> origin/pr/4450
 - [deleted]                 (none)     -> origin/pr/4451
 - [deleted]                 (none)     -> origin/pr/4452
 - [deleted]                 (none)     -> origin/pr/4453
 - [deleted]                 (none)     -> origin/pr/4454
 - [deleted]                 (none)     -> origin/pr/4457
 - [deleted]                 (none)     -> origin/pr/4459
 - [deleted]                 (none)     -> origin/pr/4460
 - [deleted]                 (none)     -> origin/pr/4461
 - [deleted]                 (none)     -> origin/pr/4462
 - [deleted]                 (none)     -> origin/pr/4463
 - [deleted]                 (none)     -> origin/pr/4464
 - [deleted]                 (none)     -> origin/pr/4465
 - [deleted]                 (none)     -> origin/pr/4466
 - [deleted]                 (none)     -> origin/pr/4467
 - [deleted]                 (none)     -> origin/pr/4469
 - [deleted]                 (none)     -> origin/pr/4470
 - [deleted]                 (none)     -> origin/pr/4471
 - [deleted]                 (none)     -> origin/pr/4472
 - [deleted]                 (none)     -> origin/pr/4473
 - [deleted]                 (none)     -> origin/pr/4474
 - [deleted]                 (none)     -> origin/pr/4476
 - [deleted]                 (none)     -> origin/pr/4477
 - [deleted]                 (none)     -> origin/pr/4478
 - [deleted]                 (none)     -> origin/pr/4479
 - [deleted]                 (none)     -> origin/pr/4480
 - [deleted]                 (none)     -> origin/pr/4481
 - [deleted]                 (none)     -> origin/pr/4482
 - [deleted]                 (none)     -> origin/pr/4484
 - [deleted]                 (none)     -> origin/pr/4485
 - [deleted]                 (none)     -> origin/pr/4486
 - [deleted]                 (none)     -> origin/pr/4487
 - [deleted]                 (none)     -> origin/pr/4489
 - [deleted]                 (none)     -> origin/pr/4490
 - [deleted]                 (none)     -> origin/pr/4491
 - [deleted]                 (none)     -> origin/pr/4492
 - [deleted]                 (none)     -> origin/pr/4493
 - [deleted]                 (none)     -> origin/pr/4494
 - [deleted]                 (none)     -> origin/pr/4495
 - [deleted]                 (none)     -> origin/pr/4496
 - [deleted]                 (none)     -> origin/pr/4497
 - [deleted]                 (none)     -> origin/pr/4498
 - [deleted]                 (none)     -> origin/pr/4499
 - [deleted]                 (none)     -> origin/pr/4500
 - [deleted]                 (none)     -> origin/pr/4501
 - [deleted]                 (none)     -> origin/pr/4502
 - [deleted]                 (none)     -> origin/pr/4503
 - [deleted]                 (none)     -> origin/pr/4504
 - [deleted]                 (none)     -> origin/pr/4505
 - [deleted]                 (none)     -> origin/pr/4506
 - [deleted]                 (none)     -> origin/pr/4508
 - [deleted]                 (none)     -> origin/pr/4509
 - [deleted]                 (none)     -> origin/pr/4511
 - [deleted]                 (none)     -> origin/pr/4512
 - [deleted]                 (none)     -> origin/pr/4513
 - [deleted]                 (none)     -> origin/pr/4514
 - [deleted]                 (none)     -> origin/pr/4515
 - [deleted]                 (none)     -> origin/pr/4516
 - [deleted]                 (none)     -> origin/pr/4518
 - [deleted]                 (none)     -> origin/pr/4519
 - [deleted]                 (none)     -> origin/pr/4520
 - [deleted]                 (none)     -> origin/pr/4521
 - [deleted]                 (none)     -> origin/pr/4523
 - [deleted]                 (none)     -> origin/pr/4524
 - [deleted]                 (none)     -> origin/pr/4525
 - [deleted]                 (none)     -> origin/pr/4527
 - [deleted]                 (none)     -> origin/pr/4528
 - [deleted]                 (none)     -> origin/pr/4530
 - [deleted]                 (none)     -> origin/pr/4531
 - [deleted]                 (none)     -> origin/pr/4532
 * [new branch]              pr/4540    -> origin/pr/4540
 * [new branch]              pr/4541    -> origin/pr/4541
 * [new branch]              pr/4542    -> origin/pr/4542
 * [new branch]              pr/4543    -> origin/pr/4543
Already on 'master'
Your branch is up to date with 'origin/master'.
From https://github.com/openjdk/jdk17u-dev
 * branch                    master     -> FETCH_HEAD
Already up to date.

  commit_after  : 4e5bb3d3765361ddd1161961e1d57a48338cc807
  result        : SUCCESS
