Building target 'images' in configuration 'linux-s390x-server-fastdebug'
Compiling up to 1 files for BUILD_TOOLS_HOTSPOT
Compiling up to 8 files for BUILD_TOOLS_LANGTOOLS
Creating hotspot/variant-server/tools/adlc/adlc from 13 file(s)
Compiling up to 2 files for BUILD_JVMTI_TOOLS
Compiling 17 properties into resource bundles for jdk.javadoc
Compiling 15 properties into resource bundles for jdk.jdeps
Generating classes for compiler.properties launcher.properties
Compiling 10 properties into resource bundles for jdk.jshell
Compiling 19 properties into resource bundles for jdk.compiler
Compiling up to 136 files for BUILD_java.compiler.interim
Compiling up to 358 files for BUILD_jdk.compiler.interim
Compiling up to 145 files for BUILD_jdk.internal.md.interim
Compiling up to 213 files for BUILD_jdk.javadoc.interim
Compiling up to 17 files for BUILD_JAVAC_SERVER
Creating support/modules_libs/java.base/server/libjvm.so from 968 file(s)
Creating hotspot/variant-server/libjvm/libgtest/libgtest.a from 2 file(s)
Creating hotspot/variant-server/libjvm/gtest/libjvm.so from 178 file(s)
Creating hotspot/variant-server/libjvm/gtest/gtestLauncher from 1 file(s)
Compiling up to 31 files for BUILD_JRTFS
Compiling up to 188 files for BUILD_TOOLS_JDK
Compiling up to 2 files for COMPILE_DEPEND
Creating support/modules_libs/java.base/jrt-fs.jar
Compiling up to 2 files for BUILD_BREAKITERATOR_BASE
Compiling up to 2 files for BUILD_BREAKITERATOR_LD
Compiling 11 properties into resource bundles for java.logging
Compiling 4 properties into resource bundles for jdk.httpserver
Compiling 11 properties into resource bundles for jdk.jartool
Compiling 11 properties into resource bundles for jdk.management.agent
Compiling 4 properties into resource bundles for jdk.jdi
Compiling 9 properties into resource bundles for jdk.jlink
Compiling 4 properties into resource bundles for jdk.jlink
Compiling 1 properties into resource bundles for jdk.jlink
Compiling 11 properties into resource bundles for java.base
Compiling 3 properties into resource bundles for java.base
Compiling 89 properties into resource bundles for java.desktop
Compiling up to 3507 files for java.base
Updating support/src.zip
Compiling up to 5 files for java.transaction.xa
Compiling up to 18 files for java.datatransfer
Compiling up to 35 files for java.logging
Compiling up to 14 files for jdk.zipfs
Compiling up to 1 files for jdk.crypto.ec
Compiling up to 3 files for jdk.internal.ed
Compiling up to 136 files for java.compiler
Compiling up to 22 files for java.smartcardio
Compiling up to 10 files for java.instrument
Compiling up to 59 files for jdk.httpserver
Compiling up to 331 files for java.management
Compiling up to 52 files for jdk.internal.opt
Compiling up to 78 files for jdk.crypto.cryptoki
Compiling up to 61 files for jdk.internal.jvmstat
Compiling up to 15 files for java.scripting
Compiling up to 148 files for java.net.http
Compiling up to 50 files for jdk.incubator.vector
Compiling up to 9 files for jdk.net
Compiling up to 4 files for jdk.jsobject
Compiling up to 33 files for jdk.sctp
Compiling up to 125 files for jdk.charsets
Compiling up to 1 files for jdk.jdwp.agent
Compiling up to 3 files for jdk.nio.mapmode
Compiling up to 305 files for jdk.jfr
Creating support/modules_libs/java.base/libverify.so from 1 file(s)
Creating support/modules_libs/java.base/libjava.so from 67 file(s)
Creating support/modules_libs/java.base/libzip.so from 5 file(s)
Creating support/modules_libs/java.base/libjimage.so from 6 file(s)
Creating support/modules_libs/java.base/libjli.so from 8 file(s)
Creating support/modules_libs/java.base/libnet.so from 13 file(s)
Creating support/modules_libs/java.base/libnio.so from 23 file(s)
Creating support/modules_libs/java.base/libjsig.so from 1 file(s)
Creating support/modules_libs/java.base/libsyslookup.so from 1 file(s)
Compiling up to 1503 files for jdk.localedata
Compiling up to 9 files for jdk.unsupportedCompiling up to 118 files for jdk.internal.le

Compiling up to 1849 files for java.xml
Creating support/modules_cmds/java.scripting/jrunscript from 1 file(s)
Creating support/modules_cmds/jdk.javadoc/javadoc from 1 file(s)
Creating support/modules_cmds/jdk.httpserver/jwebserver from 1 file(s)
Creating support/modules_cmds/jdk.jfr/jfr from 1 file(s)
Creating support/modules_cmds/jdk.jpackage/jpackage from 1 file(s)
Creating support/modules_cmds/jdk.jartool/jar from 1 file(s)
Creating support/modules_cmds/jdk.jshell/jshell from 1 file(s)
Creating support/modules_cmds/jdk.jartool/jarsigner from 1 file(s)
Creating support/modules_cmds/jdk.jdi/jdb from 1 file(s)
Creating support/modules_cmds/jdk.jconsole/jconsole from 1 file(s)
Creating support/modules_cmds/jdk.jstatd/jstatd from 1 file(s)
Creating support/modules_cmds/java.rmi/rmiregistry from 1 file(s)
Creating support/modules_cmds/jdk.compiler/javac from 1 file(s)
Creating support/modules_cmds/jdk.compiler/serialver from 1 file(s)
Creating support/modules_cmds/jdk.jcmd/jinfo from 1 file(s)
Creating support/modules_cmds/jdk.jcmd/jmap from 1 file(s)
Creating support/modules_cmds/jdk.jcmd/jps from 1 file(s)
Creating support/modules_cmds/java.base/java from 1 file(s)
Creating support/modules_cmds/java.base/keytool from 1 file(s)
Creating support/modules_libs/java.base/jexec from 1 file(s)
Creating support/modules_cmds/jdk.jdeps/javap from 1 file(s)
Creating support/modules_libs/java.base/jspawnhelper from 1 file(s)
Creating support/modules_cmds/jdk.jdeps/jdeps from 1 file(s)
Creating support/modules_cmds/jdk.jcmd/jstack from 1 file(s)
Creating support/modules_cmds/jdk.jdeps/jdeprscan from 1 file(s)
Creating support/modules_cmds/jdk.jcmd/jstat from 1 file(s)
Creating support/modules_cmds/jdk.jlink/jimage from 1 file(s)
Creating support/modules_cmds/jdk.jcmd/jcmd from 1 file(s)
Creating support/modules_cmds/jdk.jlink/jlink from 1 file(s)
Creating support/modules_cmds/jdk.jlink/jmod from 1 file(s)
Creating support/modules_libs/jdk.jdwp.agent/libdt_socket.so from 2 file(s)
Creating support/modules_libs/jdk.jdwp.agent/libjdwp.so from 43 file(s)
Compiling up to 68 files for COMPILE_CREATE_SYMBOLS
Compiling up to 30 files for java.security.sasl
Compiling up to 68 files for jdk.dynalink
Compiling up to 106 files for java.rmi
Creating support/modules_libs/java.smartcardio/libj2pcsc.so from 2 file(s)
Compiling up to 28 files for jdk.jartool
Creating support/modules_libs/java.instrument/libinstrument.so from 12 file(s)
Creating support/modules_libs/jdk.net/libextnet.so from 1 file(s)
Creating support/modules_libs/jdk.sctp/libsctp.so from 2 file(s)
Compiling up to 15 files for jdk.attach
Compiling up to 199 files for java.naming
Compiling up to 366 files for jdk.compiler
Creating support/modules_libs/java.rmi/librmi.so from 1 file(s)
Compiling up to 11 files for jdk.jstatd
Creating support/modules_libs/jdk.crypto.cryptoki/libj2pkcs11.so from 14 file(s)
Compiling up to 40 files for jdk.jcmd
Compiling up to 254 files for jdk.jdi
Creating support/modules_libs/jdk.attach/libattach.so from 1 file(s)
Creating support/modules_libs/java.management/libmanagement.so from 9 file(s)
Compiling up to 24 files for jdk.management
Compiling up to 16 files for jdk.naming.dns
Compiling up to 16 files for java.management.rmi
Compiling up to 211 files for java.security.jgss
Compiling up to 8 files for jdk.naming.rmi
Compiling up to 15 files for jdk.management.jfr
Creating support/modules_libs/jdk.management/libmanagement_ext.so from 8 file(s)
Compiling up to 30 files for jdk.management.agent
Creating support/modules_libs/jdk.management.agent/libmanagement_agent.so from 1 file(s)
Compiling up to 30 files for jdk.security.auth
Compiling up to 16 files for jdk.security.jgss
Creating support/modules_libs/java.security.jgss/libj2gss.so from 3 file(s)
Updating images/sec-bin.zip
Creating support/modules_libs/jdk.security.auth/libjaas.so from 1 file(s)
Compiling up to 145 files for jdk.internal.md
Compiling up to 136 files for jdk.jdeps
Compiling up to 213 files for jdk.javadoc
Compiling up to 15 files for java.prefs
Compiling up to 77 files for java.sql
Compiling up to 94 files for jdk.xml.dom
Compiling up to 272 files for java.xml.crypto
Creating support/modules_libs/java.prefs/libprefs.so from 1 file(s)
Compiling up to 102 files for jdk.jshell
Compiling up to 56 files for java.sql.rowset
Compiling up to 2777 files for java.desktop
Compiling up to 91 files for jdk.jlink
Compiling up to 1 files for java.se
Compiling up to 8 files for jdk.unsupported.desktop
Compiling up to 18 files for jdk.accessibility
Compiling up to 3 files for jdk.editpad
Compiling up to 64 files for jdk.jconsole
Compiling up to 55 files for jdk.jpackage
Creating support/modules_libs/java.desktop/libawt.so from 72 file(s)
Creating support/modules_libs/java.desktop/libawt_headless.so from 26 file(s)
Creating support/modules_libs/java.desktop/libawt_xawt.so from 53 file(s)
Creating support/modules_libs/java.desktop/libjawt.so from 1 file(s)
Creating support/modules_libs/java.desktop/libmlib_image.so from 50 file(s)
Creating support/modules_libs/java.desktop/liblcms.so from 27 file(s)
Creating support/modules_libs/java.desktop/libjavajpeg.so from 46 file(s)
Creating support/modules_libs/java.desktop/libsplashscreen.so from 67 file(s)
Creating support/modules_libs/java.desktop/libfontmanager.so from 63 file(s)
Creating support/modules_libs/java.desktop/libjsound.so from 18 file(s)
Creating jdk/modules/jdk.jpackage/jdk/jpackage/internal/resources/jpackageapplauncher from 3 file(s)
Creating jdk/modules/jdk.jpackage/jdk/jpackage/internal/resources/libjpackageapplauncheraux.so from 18 file(s)
Compiling up to 4 files for COMPILE_CREATE_SYMBOLS
Creating ct.sym classes
Compiling up to 4 files for BUILD_JIGSAW_TOOLS
Optimizing the exploded image
Creating java.datatransfer.jmod
Creating java.prefs.jmod
Creating java.logging.jmod
Creating java.instrument.jmod
Creating java.naming.jmod
Creating java.management.jmod
Creating java.net.http.jmod
Creating java.compiler.jmod
Creating java.security.sasl.jmod
Creating java.management.rmi.jmod
Creating java.se.jmod
Creating java.smartcardio.jmod
Creating java.scripting.jmod
Creating java.security.jgss.jmod
Creating java.rmi.jmod
Creating java.sql.jmod
Creating java.transaction.xa.jmod
Creating jdk.accessibility.jmod
Creating java.sql.rowset.jmod
Creating jdk.attach.jmod
Creating jdk.crypto.ec.jmod
Creating java.xml.crypto.jmod
Creating jdk.editpad.jmod
Creating jdk.dynalink.jmod
Creating jdk.internal.opt.jmod
Creating jdk.naming.rmi.jmod
Creating jdk.management.jfr.jmod
Creating jdk.management.jmod
Creating jdk.jdi.jmod
Creating jdk.jartool.jmod
Creating jdk.internal.ed.jmod
Creating jdk.jconsole.jmod
Creating jdk.management.agent.jmod
Creating jdk.internal.jvmstat.jmod
Creating jdk.sctp.jmod
Creating jdk.jstatd.jmod
Creating jdk.net.jmod
Creating jdk.jsobject.jmod
Creating jdk.naming.dns.jmod
Creating interim java.logging.jmod
Creating jdk.jpackage.jmod
Creating jdk.jshell.jmod
Creating jdk.javadoc.jmod
Creating jdk.jdeps.jmod
Creating jdk.nio.mapmode.jmod
Creating jdk.httpserver.jmod
Creating jdk.jcmd.jmod
Creating jdk.jdwp.agent.jmod
Creating jdk.internal.le.jmod
Creating jdk.compiler.jmod
Creating jdk.internal.md.jmod
Creating jdk.charsets.jmod
Creating java.xml.jmod
Creating jdk.incubator.vector.jmod
Creating jdk.security.auth.jmod
Creating jdk.jfr.jmod
Creating jdk.localedata.jmod
Creating java.desktop.jmod
Creating jdk.crypto.cryptoki.jmod
Creating interim java.base.jmod
Creating jdk.security.jgss.jmod
Creating jdk.unsupported.jmod
Creating jdk.unsupported.desktop.jmod
Creating jdk.zipfs.jmod
Creating jdk.xml.dom.jmod
Compiling up to 3 files for BUILD_DEMO_CodePointIM
Updating support/demos/image/jfc/CodePointIM/src.zip
Compiling up to 3 files for BUILD_DEMO_FileChooserDemo
Updating support/demos/image/jfc/FileChooserDemo/src.zip
Compiling up to 29 files for BUILD_DEMO_SwingSet2
Updating support/demos/image/jfc/SwingSet2/src.zip
Compiling up to 3 files for BUILD_DEMO_Font2DTest
Updating support/demos/image/jfc/Font2DTest/src.zip
Compiling up to 64 files for BUILD_DEMO_J2Ddemo
Updating support/demos/image/jfc/J2Ddemo/src.zip
Compiling up to 15 files for BUILD_DEMO_Metalworks
Updating support/demos/image/jfc/Metalworks/src.zip
Compiling up to 2 files for BUILD_DEMO_Notepad
Updating support/demos/image/jfc/Notepad/src.zip
Compiling up to 5 files for BUILD_DEMO_Stylepad
Updating support/demos/image/jfc/Stylepad/src.zip
Compiling up to 5 files for BUILD_DEMO_SampleTree
Updating support/demos/image/jfc/SampleTree/src.zip
Compiling up to 8 files for BUILD_DEMO_TableExample
Updating support/demos/image/jfc/TableExample/src.zip
Compiling up to 1 files for BUILD_DEMO_TransparentRuler
Updating support/demos/image/jfc/TransparentRuler/src.zip
Creating support/demos/image/jfc/CodePointIM/CodePointIM.jar
Creating support/demos/image/jfc/Notepad/Notepad.jar
Creating support/demos/image/jfc/FileChooserDemo/FileChooserDemo.jar
Creating support/demos/image/jfc/Font2DTest/Font2DTest.jar
Creating support/demos/image/jfc/TransparentRuler/TransparentRuler.jar
Creating support/demos/image/jfc/SampleTree/SampleTree.jar
Creating support/demos/image/jfc/Metalworks/Metalworks.jar
Creating support/demos/image/jfc/Stylepad/Stylepad.jar
Creating support/demos/image/jfc/TableExample/TableExample.jar
Creating support/demos/image/jfc/SwingSet2/SwingSet2.jar
Creating support/demos/image/jfc/J2Ddemo/J2Ddemo.jar
Creating interim jimage
Compiling up to 2 files for CLASSLIST_JAR
Creating support/classlist.jar
Creating jdk.jlink.jmod
Creating java.base.jmod
Creating jdk image
Creating CDS archive for jdk image for server
Creating CDS-NOCOOPS archive for jdk image for server
Finished building target 'images' in configuration 'linux-s390x-server-fastdebug'
