Building target 'images' in configuration 'linux-s390x-normal-server-fastdebug'
Compiling 8 files for BUILD_TOOLS_LANGTOOLS
Creating hotspot/variant-server/tools/adlc/adlc from 13 file(s)
Compiling 2 files for BUILD_JVMTI_TOOLS
Compiling 1 files for BUILD_JFR_TOOLS
Parsing 2 properties into enum-like class for jdk.compiler
Compiling 19 properties into resource bundles for jdk.compiler
Compiling 13 properties into resource bundles for jdk.javadoc
Compiling 7 properties into resource bundles for jdk.jshell
Compiling 12 properties into resource bundles for jdk.jdeps
Compiling 117 files for BUILD_java.compiler.interim
Compiling 394 files for BUILD_jdk.compiler.interim
Creating support/modules_libs/java.base/server/libjvm.so from 832 file(s)
Creating hotspot/variant-server/libjvm/gtest/libjvm.so from 99 file(s)
Creating hotspot/variant-server/libjvm/gtest/gtestLauncher from 1 file(s)
Compiling 299 files for BUILD_jdk.javadoc.interim
Compiling 166 files for BUILD_TOOLS_JDK
Compiling 31 files for BUILD_JRTFS
Compiling 188 files for BUILD_jdk.rmic.interim
Compiling 2 files for COMPILE_DEPEND
Creating support/modules_libs/java.base/jrt-fs.jar
In function 'void __static_initialization_and_destruction_0(int, int)',
    inlined from '(static initializers for ad_s390.cpp)' at ad_s390.cpp:23081:50:
ad_s390.cpp:5707:24: warning: 'this' pointer is null [-Wnonnull]
In file included from /home/amit/head/jdk11u-dev/src/hotspot/share/compiler/oopMap.hpp:29,
                 from /home/amit/head/jdk11u-dev/src/hotspot/share/oops/method.hpp:31,
                 from /home/amit/head/jdk11u-dev/src/hotspot/share/runtime/signature.hpp:30,
                 from /home/amit/head/jdk11u-dev/src/hotspot/share/classfile/systemDictionary.hpp:34,
                 from /home/amit/head/jdk11u-dev/src/hotspot/share/ci/ciEnv.hpp:30,
                 from /home/amit/head/jdk11u-dev/src/hotspot/share/ci/compilerInterface.hpp:32,
                 from /home/amit/head/jdk11u-dev/src/hotspot/share/opto/compile.hpp:29,
                 from /home/amit/head/jdk11u-dev/src/hotspot/share/opto/node.hpp:29,
                 from /home/amit/head/jdk11u-dev/src/hotspot/share/opto/connode.hpp:28,
                 from /home/amit/head/jdk11u-dev/src/hotspot/share/opto/callnode.hpp:28,
                 from /home/amit/head/jdk11u-dev/src/hotspot/share/opto/machnode.hpp:28,
                 from ad_s390.hpp:33,
                 from ad_s390.cpp:29:
/home/amit/head/jdk11u-dev/src/hotspot/share/code/vmreg.hpp: In function '(static initializers for ad_s390.cpp)':
/home/amit/head/jdk11u-dev/src/hotspot/share/code/vmreg.hpp:98:9: note: in a call to non-static member function 'VMRegImpl* VMRegImpl::next()'
   98 |   VMReg next() {
      |         ^~~~
In function 'void __static_initialization_and_destruction_0(int, int)',
    inlined from '(static initializers for ad_s390.cpp)' at ad_s390.cpp:23081:50:
ad_s390.cpp:5752:16: warning: 'this' pointer is null [-Wnonnull]
In file included from /home/amit/head/jdk11u-dev/src/hotspot/share/code/vmreg.inline.hpp:30,
                 from ad_s390.cpp:34:
/home/amit/head/jdk11u-dev/src/hotspot/cpu/s390/vmreg_s390.inline.hpp: In function '(static initializers for ad_s390.cpp)':
/home/amit/head/jdk11u-dev/src/hotspot/cpu/s390/vmreg_s390.inline.hpp:36:14: note: in a call to non-static member function 'VMRegImpl* FloatRegisterImpl::as_VMReg()'
   36 | inline VMReg FloatRegisterImpl::as_VMReg() {
      |              ^~~~~~~~~~~~~~~~~
In function 'void __static_initialization_and_destruction_0(int, int)',
    inlined from '(static initializers for ad_s390.cpp)' at ad_s390.cpp:23081:50:
ad_s390.cpp:5753:24: warning: 'this' pointer is null [-Wnonnull]
In file included from /home/amit/head/jdk11u-dev/src/hotspot/share/code/vmreg.inline.hpp:30,
                 from ad_s390.cpp:34:
/home/amit/head/jdk11u-dev/src/hotspot/cpu/s390/vmreg_s390.inline.hpp: In function '(static initializers for ad_s390.cpp)':
/home/amit/head/jdk11u-dev/src/hotspot/cpu/s390/vmreg_s390.inline.hpp:36:14: note: in a call to non-static member function 'VMRegImpl* FloatRegisterImpl::as_VMReg()'
   36 | inline VMReg FloatRegisterImpl::as_VMReg() {
      |              ^~~~~~~~~~~~~~~~~
Note: Some input files use or override a deprecated API.
Note: Recompile with -Xlint:deprecation for details.
Note: Some input files use or override a deprecated API.
Note: Recompile with -Xlint:deprecation for details.
Note: Some input files use unchecked or unsafe operations.
Note: Recompile with -Xlint:unchecked for details.
Compiling 2 files for BUILD_BREAKITERATOR_BASE
Compiling 2 files for BUILD_BREAKITERATOR_LD
Compiling 11 properties into resource bundles for java.logging
Compiling 11 properties into resource bundles for jdk.jartool
Compiling 11 properties into resource bundles for jdk.management.agent
Compiling 4 properties into resource bundles for jdk.jlink
Compiling 3 properties into resource bundles for jdk.jdi
Compiling 3 properties into resource bundles for jdk.jlink
Compiling 224 properties into resource bundles for jdk.localedata
Compiling 1 properties into resource bundles for jdk.jlink
Compiling 67 files for COMPILE_CREATE_SYMBOLS
Creating ct.sym classes
Compiling 11 properties into resource bundles for java.base
Compiling 6 properties into resource bundles for java.base
Creating support/symbols/ct.sym
Compiling 3038 files for java.base
Compiling 89 properties into resource bundles for java.desktop
/home/amit/head/jdk11u-dev/src/hotspot/cpu/s390/sharedRuntime_s390.cpp: In static member function 'static int SharedRuntime::java_calling_convention(const BasicType*, VMRegPair*, int, int)':
/home/amit/head/jdk11u-dev/src/hotspot/cpu/s390/sharedRuntime_s390.cpp:660:19: warning: 'this' pointer is null [-Wnonnull]
  660 |     Z_F0->as_VMReg(),
In file included from /home/amit/head/jdk11u-dev/src/hotspot/cpu/s390/sharedRuntime_s390.cpp:42:
/home/amit/head/jdk11u-dev/src/hotspot/cpu/s390/vmreg_s390.inline.hpp:36:14: note: in a call to non-static member function 'VMRegImpl* FloatRegisterImpl::as_VMReg()'
   36 | inline VMReg FloatRegisterImpl::as_VMReg() {
      |              ^~~~~~~~~~~~~~~~~
In function 'void __static_initialization_and_destruction_0(int, int)',
    inlined from '(static initializers for /home/amit/head/jdk11u-dev/src/hotspot/cpu/s390/sharedRuntime_s390.cpp)' at /home/amit/head/jdk11u-dev/src/hotspot/cpu/s390/sharedRuntime_s390.cpp:3600:1:
/home/amit/head/jdk11u-dev/src/hotspot/cpu/s390/sharedRuntime_s390.cpp:64:69: warning: 'this' pointer is null [-Wnonnull]
   64 |   { RegisterSaver::float_reg, regname->encoding(), regname->as_VMReg() }
/home/amit/head/jdk11u-dev/src/hotspot/cpu/s390/sharedRuntime_s390.cpp:82:3: note: in expansion of macro 'RegisterSaver_LiveFloatReg'
   82 |   RegisterSaver_LiveFloatReg(Z_F0 ),
      |   ^~~~~~~~~~~~~~~~~~~~~~~~~~
In file included from /home/amit/head/jdk11u-dev/src/hotspot/cpu/s390/sharedRuntime_s390.cpp:42:
/home/amit/head/jdk11u-dev/src/hotspot/cpu/s390/vmreg_s390.inline.hpp: In function '(static initializers for /home/amit/head/jdk11u-dev/src/hotspot/cpu/s390/sharedRuntime_s390.cpp)':
/home/amit/head/jdk11u-dev/src/hotspot/cpu/s390/vmreg_s390.inline.hpp:36:14: note: in a call to non-static member function 'VMRegImpl* FloatRegisterImpl::as_VMReg()'
   36 | inline VMReg FloatRegisterImpl::as_VMReg() {
      |              ^~~~~~~~~~~~~~~~~
In function 'void __static_initialization_and_destruction_0(int, int)',
    inlined from '(static initializers for /home/amit/head/jdk11u-dev/src/hotspot/cpu/s390/sharedRuntime_s390.cpp)' at /home/amit/head/jdk11u-dev/src/hotspot/cpu/s390/sharedRuntime_s390.cpp:3600:1:
/home/amit/head/jdk11u-dev/src/hotspot/cpu/s390/sharedRuntime_s390.cpp:74:72: warning: 'this' pointer is null [-Wnonnull]
   74 |   { RegisterSaver::excluded_reg, regname->encoding(), regname->as_VMReg() }
/home/amit/head/jdk11u-dev/src/hotspot/cpu/s390/sharedRuntime_s390.cpp:123:3: note: in expansion of macro 'RegisterSaver_ExcludedFloatReg'
  123 |   RegisterSaver_ExcludedFloatReg(Z_F0 ),
      |   ^~~~~~~~~~~~~~~~~~~~~~~~~~~~~~
In file included from /home/amit/head/jdk11u-dev/src/hotspot/cpu/s390/sharedRuntime_s390.cpp:42:
/home/amit/head/jdk11u-dev/src/hotspot/cpu/s390/vmreg_s390.inline.hpp: In function '(static initializers for /home/amit/head/jdk11u-dev/src/hotspot/cpu/s390/sharedRuntime_s390.cpp)':
/home/amit/head/jdk11u-dev/src/hotspot/cpu/s390/vmreg_s390.inline.hpp:36:14: note: in a call to non-static member function 'VMRegImpl* FloatRegisterImpl::as_VMReg()'
   36 | inline VMReg FloatRegisterImpl::as_VMReg() {
      |              ^~~~~~~~~~~~~~~~~
In function 'void __static_initialization_and_destruction_0(int, int)',
    inlined from '(static initializers for /home/amit/head/jdk11u-dev/src/hotspot/cpu/s390/sharedRuntime_s390.cpp)' at /home/amit/head/jdk11u-dev/src/hotspot/cpu/s390/sharedRuntime_s390.cpp:3600:1:
/home/amit/head/jdk11u-dev/src/hotspot/cpu/s390/sharedRuntime_s390.cpp:64:69: warning: 'this' pointer is null [-Wnonnull]
   64 |   { RegisterSaver::float_reg, regname->encoding(), regname->as_VMReg() }
/home/amit/head/jdk11u-dev/src/hotspot/cpu/s390/sharedRuntime_s390.cpp:164:3: note: in expansion of macro 'RegisterSaver_LiveFloatReg'
  164 |   RegisterSaver_LiveFloatReg(Z_F0 ),
      |   ^~~~~~~~~~~~~~~~~~~~~~~~~~
In file included from /home/amit/head/jdk11u-dev/src/hotspot/cpu/s390/sharedRuntime_s390.cpp:42:
/home/amit/head/jdk11u-dev/src/hotspot/cpu/s390/vmreg_s390.inline.hpp: In function '(static initializers for /home/amit/head/jdk11u-dev/src/hotspot/cpu/s390/sharedRuntime_s390.cpp)':
/home/amit/head/jdk11u-dev/src/hotspot/cpu/s390/vmreg_s390.inline.hpp:36:14: note: in a call to non-static member function 'VMRegImpl* FloatRegisterImpl::as_VMReg()'
   36 | inline VMReg FloatRegisterImpl::as_VMReg() {
      |              ^~~~~~~~~~~~~~~~~
In function 'void __static_initialization_and_destruction_0(int, int)',
    inlined from '(static initializers for /home/amit/head/jdk11u-dev/src/hotspot/cpu/s390/sharedRuntime_s390.cpp)' at /home/amit/head/jdk11u-dev/src/hotspot/cpu/s390/sharedRuntime_s390.cpp:3600:1:
/home/amit/head/jdk11u-dev/src/hotspot/cpu/s390/sharedRuntime_s390.cpp:64:69: warning: 'this' pointer is null [-Wnonnull]
   64 |   { RegisterSaver::float_reg, regname->encoding(), regname->as_VMReg() }
/home/amit/head/jdk11u-dev/src/hotspot/cpu/s390/sharedRuntime_s390.cpp:201:3: note: in expansion of macro 'RegisterSaver_LiveFloatReg'
  201 |   RegisterSaver_LiveFloatReg(Z_FARG1),
      |   ^~~~~~~~~~~~~~~~~~~~~~~~~~
In file included from /home/amit/head/jdk11u-dev/src/hotspot/cpu/s390/sharedRuntime_s390.cpp:42:
/home/amit/head/jdk11u-dev/src/hotspot/cpu/s390/vmreg_s390.inline.hpp: In function '(static initializers for /home/amit/head/jdk11u-dev/src/hotspot/cpu/s390/sharedRuntime_s390.cpp)':
/home/amit/head/jdk11u-dev/src/hotspot/cpu/s390/vmreg_s390.inline.hpp:36:14: note: in a call to non-static member function 'VMRegImpl* FloatRegisterImpl::as_VMReg()'
   36 | inline VMReg FloatRegisterImpl::as_VMReg() {
      |              ^~~~~~~~~~~~~~~~~
In function 'void __static_initialization_and_destruction_0(int, int)',
    inlined from '(static initializers for /home/amit/head/jdk11u-dev/src/hotspot/cpu/s390/sharedRuntime_s390.cpp)' at /home/amit/head/jdk11u-dev/src/hotspot/cpu/s390/sharedRuntime_s390.cpp:3600:1:
/home/amit/head/jdk11u-dev/src/hotspot/cpu/s390/sharedRuntime_s390.cpp:64:69: warning: 'this' pointer is null [-Wnonnull]
   64 |   { RegisterSaver::float_reg, regname->encoding(), regname->as_VMReg() }
/home/amit/head/jdk11u-dev/src/hotspot/cpu/s390/sharedRuntime_s390.cpp:218:3: note: in expansion of macro 'RegisterSaver_LiveFloatReg'
  218 |   RegisterSaver_LiveFloatReg(Z_F0 ),
      |   ^~~~~~~~~~~~~~~~~~~~~~~~~~
In file included from /home/amit/head/jdk11u-dev/src/hotspot/cpu/s390/sharedRuntime_s390.cpp:42:
/home/amit/head/jdk11u-dev/src/hotspot/cpu/s390/vmreg_s390.inline.hpp: In function '(static initializers for /home/amit/head/jdk11u-dev/src/hotspot/cpu/s390/sharedRuntime_s390.cpp)':
/home/amit/head/jdk11u-dev/src/hotspot/cpu/s390/vmreg_s390.inline.hpp:36:14: note: in a call to non-static member function 'VMRegImpl* FloatRegisterImpl::as_VMReg()'
   36 | inline VMReg FloatRegisterImpl::as_VMReg() {
      |              ^~~~~~~~~~~~~~~~~
Compiling 10 files for java.instrument
Compiling 1 files for jdk.jdwp.agent
Compiling 3 files for jdk.internal.ed
Compiling 22 files for jdk.crypto.ec
Compiling 5 files for java.transaction.xa
Compiling 18 files for java.datatransfer
Compiling 34 files for java.logging
Compiling 33 files for jdk.jartool
Compiling 21 files for java.smartcardio
Compiling 1 files for jdk.pack
Compiling 9 files for jdk.unsupported
Compiling 9 files for jdk.net
Compiling 117 files for java.compiler
Compiling 61 files for jdk.internal.jvmstat
Compiling 43 files for jdk.httpserver
Compiling 142 files for java.net.http
Compiling 51 files for jdk.internal.opt
Compiling 330 files for java.management
Compiling 177 files for jdk.jfr
Compiling 120 files for jdk.charsets
Compiling 33 files for jdk.sctp
Compiling 15 files for java.scripting
Compiling 15 files for jdk.zipfs
Compiling 105 files for jdk.internal.le
Compiling 1703 files for jdk.localedata
Compiling 1848 files for java.xml
Compiling 15 files for jdk.attach
Compiling 75 files for jdk.crypto.cryptoki
Compiling 30 files for java.security.sasl
Compiling 68 files for jdk.dynalink
Compiling 398 files for jdk.compiler
Compiling 123 files for java.rmi
Compiling 40 files for jdk.jcmd
Compiling 251 files for jdk.jdi
Creating support/modules_libs/java.base/libverify.so from 2 file(s)
Creating support/modules_libs/java.base/libjava.so from 59 file(s)
Creating support/native/java.base/libfdlibm.a from 57 file(s)
Creating support/modules_libs/java.base/libzip.so from 5 file(s)
Creating support/modules_libs/java.base/libjimage.so from 6 file(s)
Creating support/modules_libs/java.base/jli/libjli.so from 8 file(s)
Creating support/modules_libs/java.base/libnet.so from 21 file(s)
Creating support/modules_libs/java.base/libnio.so from 22 file(s)
Creating support/modules_libs/java.base/libjsig.so from 1 file(s)
Compiling 197 files for java.naming
Compiling 593 files for jdk.scripting.nashorn
Compiling 131 files for BUILD_NASGEN
Creating support/modules_cmds/jdk.javadoc/javadoc from 1 file(s)
Creating support/modules_cmds/java.scripting/jrunscript from 1 file(s)
Creating support/modules_cmds/java.rmi/rmid from 1 file(s)
Creating support/modules_cmds/java.rmi/rmiregistry from 1 file(s)
Creating support/modules_cmds/jdk.jconsole/jconsole from 1 file(s)
Creating support/modules_cmds/jdk.jfr/jfr from 1 file(s)
Creating support/modules_libs/java.instrument/libinstrument.so from 12 file(s)
Creating support/modules_libs/java.smartcardio/libj2pcsc.so from 2 file(s)
Creating support/modules_cmds/jdk.jlink/jimage from 1 file(s)
Creating support/modules_cmds/jdk.jlink/jlink from 1 file(s)
Creating support/modules_cmds/jdk.jlink/jmod from 1 file(s)
Creating support/modules_libs/jdk.attach/libattach.so from 1 file(s)
Creating support/modules_cmds/jdk.jdi/jdb from 1 file(s)
Creating support/modules_libs/jdk.crypto.ec/libsunec.so from 28 file(s)
Creating support/modules_cmds/jdk.rmic/rmic from 1 file(s)
Creating support/modules_cmds/jdk.scripting.nashorn.shell/jjs from 1 file(s)
Creating support/modules_cmds/jdk.jstatd/jstatd from 1 file(s)
Creating support/modules_cmds/jdk.jshell/jshell from 1 file(s)
Creating support/modules_cmds/jdk.compiler/serialver from 1 file(s)
Creating support/modules_cmds/jdk.compiler/javac from 1 file(s)
Creating support/modules_libs/jdk.sctp/libsctp.so from 3 file(s)
Creating support/modules_cmds/jdk.jartool/jar from 1 file(s)
Creating support/modules_cmds/jdk.jartool/jarsigner from 1 file(s)
Creating support/modules_libs/jdk.net/libextnet.so from 1 file(s)
Creating support/modules_cmds/jdk.jcmd/jinfo from 1 file(s)
Creating support/modules_libs/jdk.jdwp.agent/libdt_socket.so from 2 file(s)
Creating support/modules_libs/jdk.jdwp.agent/libjdwp.so from 42 file(s)
Creating support/modules_cmds/java.base/java from 1 file(s)
Creating support/modules_cmds/jdk.jcmd/jmap from 1 file(s)
Creating support/modules_libs/jdk.pack/libunpack.so from 7 file(s)
Creating support/modules_cmds/java.base/keytool from 1 file(s)
Creating support/modules_cmds/jdk.jcmd/jps from 1 file(s)
Creating support/modules_libs/java.base/jexec from 1 file(s)
Creating support/modules_cmds/jdk.jcmd/jstack from 1 file(s)
Creating support/modules_cmds/jdk.jcmd/jstat from 1 file(s)
Creating support/modules_cmds/jdk.jdeps/javap from 1 file(s)
Creating support/modules_cmds/jdk.jcmd/jcmd from 1 file(s)
Creating support/modules_cmds/jdk.jdeps/jdeps from 1 file(s)
Creating support/modules_cmds/jdk.jdeps/jdeprscan from 1 file(s)
Creating support/modules_libs/java.base/jspawnhelper from 1 file(s)
Creating support/modules_cmds/jdk.pack/pack200 from 1 file(s)
Creating support/modules_cmds/jdk.pack/unpack200 from 7 file(s)
Creating support/modules_libs/jdk.crypto.cryptoki/libj2pkcs11.so from 14 file(s)
Compiling 11 files for jdk.jstatd
Creating support/modules_libs/java.rmi/librmi.so from 1 file(s)
Warning: generation and use of skeletons and static stubs for JRMP
is deprecated. Skeletons are unnecessary, and static stubs have
been superseded by dynamically generated stubs. Users are
encouraged to migrate away from using rmic to generate skeletons and static
stubs. See the documentation for java.rmi.server.UnicastRemoteObject.
Compiling 24 files for jdk.management
Creating support/modules_libs/java.management/libmanagement.so from 9 file(s)
Compiling 16 files for jdk.naming.dns
Compiling 7 files for jdk.naming.rmi
Compiling 4 files for jdk.naming.ldap
Compiling 14 files for java.management.rmi
Compiling 219 files for java.security.jgss
Compiling 14 files for jdk.management.jfr
Creating support/modules_libs/jdk.management/libmanagement_ext.so from 8 file(s)
Warning: generation and use of skeletons and static stubs for JRMP
is deprecated. Skeletons are unnecessary, and static stubs have
been superseded by dynamically generated stubs. Users are
encouraged to migrate away from using rmic to generate skeletons and static
stubs. See the documentation for java.rmi.server.UnicastRemoteObject.
Compiling 31 files for jdk.management.agent
Warning: generation and use of skeletons and static stubs for JRMP
is deprecated. Skeletons are unnecessary, and static stubs have
been superseded by dynamically generated stubs. Users are
encouraged to migrate away from using rmic to generate skeletons and static
stubs. See the documentation for java.rmi.server.UnicastRemoteObject.
Creating support/modules_libs/jdk.management.agent/libmanagement_agent.so from 1 file(s)
Compiling 30 files for jdk.security.auth
Compiling 16 files for jdk.security.jgss
Creating support/modules_libs/java.security.jgss/libj2gss.so from 3 file(s)
Updating support/src.zip
Creating support/modules_libs/jdk.security.auth/libjaas.so from 1 file(s)
Updating images/sec-bin.zip
Note: Some input files use or override a deprecated API that is marked for removal.
Note: Recompile with -Xlint:removal for details.
Running nasgen
Compiling 133 files for jdk.jdeps
Compiling 11 files for jdk.scripting.nashorn.shell
Note: Some input files use or override a deprecated API that is marked for removal.
Note: Recompile with -Xlint:removal for details.
Compiling 81 files for jdk.jlink
Compiling 14 files for java.prefs
Compiling 75 files for java.sql
Compiling 94 files for jdk.xml.dom
Compiling 266 files for java.xml.crypto
Compiling 300 files for jdk.javadoc
Creating support/modules_libs/java.prefs/libprefs.so from 1 file(s)
Compiling 94 files for jdk.jshell
Compiling 53 files for java.sql.rowset
Compiling 2786 files for java.desktop
Compiling 188 files for jdk.rmic
Note: Some input files use or override a deprecated API.
Note: Recompile with -Xlint:deprecation for details.
Compiling 1 files for java.se
Compiling 18 files for jdk.accessibility
Compiling 8 files for jdk.unsupported.desktop
Compiling 5 files for jdk.jsobject
Compiling 3 files for jdk.editpad
Compiling 64 files for jdk.jconsole
Creating support/modules_libs/java.desktop/libmlib_image.so from 50 file(s)
Creating support/modules_libs/java.desktop/libawt.so from 73 file(s)
Creating support/modules_libs/java.desktop/libawt_xawt.so from 56 file(s)
Creating support/modules_libs/java.desktop/liblcms.so from 27 file(s)
Creating support/modules_libs/java.desktop/libjavajpeg.so from 46 file(s)
Creating support/modules_libs/java.desktop/libawt_headless.so from 26 file(s)
Creating support/modules_libs/java.desktop/libfontmanager.so from 70 file(s)
Creating support/modules_libs/java.desktop/libjawt.so from 1 file(s)
Creating support/modules_libs/java.desktop/libsplashscreen.so from 67 file(s)
Creating support/modules_libs/java.desktop/libjsound.so from 18 file(s)
Compiling 4 files for BUILD_JIGSAW_TOOLS
Creating images/jmods/java.datatransfer.jmod
Creating support/interim-jmods/java.logging.jmod
Creating images/jmods/java.logging.jmod
Creating images/jmods/java.instrument.jmod
Creating images/jmods/java.management.rmi.jmod
Creating images/jmods/java.compiler.jmod
Creating images/jmods/java.sql.jmod
Creating images/jmods/java.naming.jmod
Creating images/jmods/java.management.jmod
Creating images/jmods/java.rmi.jmod
Creating images/jmods/java.scripting.jmod
Creating images/jmods/java.prefs.jmod
Creating images/jmods/java.security.jgss.jmod
Creating support/interim-jmods/java.base.jmod
Creating images/jmods/java.security.sasl.jmod
Creating images/jmods/java.se.jmod
Creating images/jmods/java.net.http.jmod
Creating images/jmods/java.transaction.xa.jmod
Creating images/jmods/java.smartcardio.jmod
Creating images/jmods/java.sql.rowset.jmod
Creating images/jmods/java.desktop.jmod
Creating images/jmods/java.xml.crypto.jmod
Creating images/jmods/jdk.attach.jmod
Creating images/jmods/jdk.dynalink.jmod
Creating images/jmods/jdk.accessibility.jmod
Creating images/jmods/jdk.crypto.cryptoki.jmod
Creating images/jmods/jdk.editpad.jmod
Creating images/jmods/jdk.crypto.ec.jmod
Creating images/jmods/jdk.internal.ed.jmod
Creating images/jmods/java.xml.jmod
Creating images/jmods/jdk.httpserver.jmod
Creating images/jmods/jdk.jartool.jmod
Creating images/jmods/jdk.internal.le.jmod
Creating images/jmods/jdk.charsets.jmod
Creating images/jmods/jdk.javadoc.jmod
Creating images/jmods/jdk.jcmd.jmod
Creating images/jmods/jdk.net.jmod
Creating images/jmods/jdk.jsobject.jmod
Creating images/jmods/jdk.naming.dns.jmod
Creating images/jmods/jdk.jdi.jmod
Creating images/jmods/jdk.jconsole.jmod
Creating images/jmods/jdk.jdwp.agent.jmod
Creating images/jmods/jdk.jfr.jmod
Creating images/jmods/jdk.naming.ldap.jmod
Creating images/jmods/jdk.management.agent.jmod
Creating images/jmods/jdk.management.jfr.jmod
Creating images/jmods/jdk.jshell.jmod
Creating images/jmods/jdk.rmic.jmod
Creating images/jmods/jdk.compiler.jmod
Creating images/jmods/jdk.jstatd.jmod
Creating images/jmods/jdk.scripting.nashorn.shell.jmod
Creating images/jmods/jdk.sctp.jmod
Creating images/jmods/jdk.pack.jmod
Creating images/jmods/jdk.localedata.jmod
Creating images/jmods/jdk.scripting.nashorn.jmod
Creating images/jmods/jdk.jdeps.jmod
Creating images/jmods/jdk.management.jmod
Creating images/jmods/jdk.naming.rmi.jmod
Creating images/jmods/jdk.internal.opt.jmod
Creating images/jmods/jdk.internal.jvmstat.jmod
Creating images/jmods/jdk.security.auth.jmod
Creating images/jmods/jdk.security.jgss.jmod
Creating images/jmods/jdk.unsupported.desktop.jmod
Creating images/jmods/jdk.zipfs.jmod
Creating images/jmods/jdk.unsupported.jmod
Creating images/jmods/jdk.xml.dom.jmod
Compiling 3 files for BUILD_DEMO_CodePointIM
Updating support/demos/image/jfc/CodePointIM/src.zip
Compiling 3 files for BUILD_DEMO_FileChooserDemo
Updating support/demos/image/jfc/FileChooserDemo/src.zip
Note: /home/amit/head/jdk11u-dev/src/demo/share/jfc/FileChooserDemo/FileChooserDemo.java uses or overrides a deprecated API.
Note: Recompile with -Xlint:deprecation for details.
Note: /home/amit/head/jdk11u-dev/src/demo/share/jfc/FileChooserDemo/FileChooserDemo.java uses unchecked or unsafe operations.
Note: Recompile with -Xlint:unchecked for details.
Compiling 30 files for BUILD_DEMO_SwingSet2
Compiling 4 files for BUILD_DEMO_Font2DTest
Updating support/demos/image/jfc/SwingSet2/src.zip
Updating support/demos/image/jfc/Font2DTest/src.zip
Compiling 64 files for BUILD_DEMO_J2Ddemo
Updating support/demos/image/jfc/J2Ddemo/src.zip
Compiling 15 files for BUILD_DEMO_Metalworks
Updating support/demos/image/jfc/Metalworks/src.zip
Compiling 2 files for BUILD_DEMO_Notepad
Updating support/demos/image/jfc/Notepad/src.zip
Compiling 5 files for BUILD_DEMO_Stylepad
Compiling 5 files for BUILD_DEMO_SampleTree
Updating support/demos/image/jfc/Stylepad/src.zip
Compiling 8 files for BUILD_DEMO_TableExample
Updating support/demos/image/jfc/SampleTree/src.zip
Compiling 1 files for BUILD_DEMO_TransparentRuler
Updating support/demos/image/jfc/TableExample/src.zip
Updating support/demos/image/jfc/TransparentRuler/src.zip
Creating support/demos/image/jfc/CodePointIM/CodePointIM.jar
Note: Some input files use or override a deprecated API.
Note: Recompile with -Xlint:deprecation for details.
Note: Some input files use unchecked or unsafe operations.
Note: Recompile with -Xlint:unchecked for details.
Creating support/demos/image/jfc/FileChooserDemo/FileChooserDemo.jar
Creating support/demos/image/jfc/Font2DTest/Font2DTest.jar
Note: /home/amit/head/jdk11u-dev/src/demo/share/jfc/Metalworks/MetalworksPrefs.java uses unchecked or unsafe operations.
Note: Recompile with -Xlint:unchecked for details.
Creating support/demos/image/jfc/Notepad/Notepad.jar
Creating support/demos/image/jfc/TransparentRuler/TransparentRuler.jar
Note: /home/amit/head/jdk11u-dev/src/demo/share/jfc/Stylepad/Stylepad.java uses unchecked or unsafe operations.
Note: Recompile with -Xlint:unchecked for details.
Creating support/demos/image/jfc/Stylepad/Stylepad.jar
Creating support/demos/image/jfc/Metalworks/Metalworks.jar
Creating support/demos/image/jfc/SampleTree/SampleTree.jar
Note: Some input files use or override a deprecated API.
Note: Recompile with -Xlint:deprecation for details.
Note: /home/amit/head/jdk11u-dev/src/demo/share/jfc/TableExample/TableExample4.java uses unchecked or unsafe operations.
Note: Recompile with -Xlint:unchecked for details.
Note: Some input files use or override a deprecated API.
Note: Recompile with -Xlint:deprecation for details.
Note: Some input files use unchecked or unsafe operations.
Note: Recompile with -Xlint:unchecked for details.
Creating support/demos/image/jfc/TableExample/TableExample.jar
Creating support/demos/image/jfc/SwingSet2/SwingSet2.jar
Note: Some input files use or override a deprecated API.
Note: Recompile with -Xlint:deprecation for details.
Note: Some input files use unchecked or unsafe operations.
Note: Recompile with -Xlint:unchecked for details.
Creating support/demos/image/jfc/J2Ddemo/J2Ddemo.jar
Creating interim jimage
Creating support/classlist.jar
Creating images/jmods/jdk.jlink.jmod
Creating images/jmods/java.base.jmod
Creating jdk image
----- Build times -------
Start 2024-11-02 19:19:27
End   2024-11-02 19:22:06

00:02:39 TOTAL
-------------------------
Finished building target 'images' in configuration 'linux-s390x-normal-server-fastdebug'
