Building target 'images' in configuration 'linux-s390x-server-release'
Compiling 1 files for BUILD_TOOLS_HOTSPOT
Compiling 8 files for BUILD_TOOLS_LANGTOOLS
Creating hotspot/variant-server/tools/adlc/adlc from 13 file(s)
Compiling 2 files for BUILD_JVMTI_TOOLS
Compiling 7 properties into resource bundles for jdk.jshell
Parsing 2 properties into enum-like class for jdk.compiler
Compiling 13 properties into resource bundles for jdk.javadoc
Compiling 12 properties into resource bundles for jdk.jdeps
Compiling 16 properties into resource bundles for jdk.compiler
Compiling 127 files for BUILD_java.compiler.interim
Compiling 402 files for BUILD_jdk.compiler.interim
Compiling 229 files for BUILD_jdk.javadoc.interim
Creating support/modules_libs/java.base/server/libjvm.so from 897 file(s)
Creating hotspot/variant-server/libjvm/libgtest/libgtest.a from 2 file(s)
Creating hotspot/variant-server/libjvm/gtest/libjvm.so from 150 file(s)
Creating hotspot/variant-server/libjvm/gtest/gtestLauncher from 1 file(s)
Compiling 186 files for BUILD_TOOLS_JDK
Compiling 31 files for BUILD_JRTFS
Compiling 2 files for COMPILE_DEPEND
Creating support/modules_libs/java.base/jrt-fs.jar
Compiling 2 files for BUILD_BREAKITERATOR_BASE
Compiling 2 files for BUILD_BREAKITERATOR_LD
Compiling 11 properties into resource bundles for java.logging
Compiling 11 properties into resource bundles for jdk.jartool
Compiling 71 files for COMPILE_CREATE_SYMBOLS
Compiling 11 properties into resource bundles for jdk.management.agent
Compiling 3 properties into resource bundles for jdk.jdi
Compiling 11 properties into resource bundles for java.base
Compiling 6 properties into resource bundles for java.base
Compiling 5 properties into resource bundles for jdk.jlink
Compiling 3 properties into resource bundles for jdk.jlink
Compiling 224 properties into resource bundles for jdk.localedata
Compiling 1 properties into resource bundles for jdk.jlink
Compiling 71 files for COMPILE_CREATE_SYMBOLS
Creating ct.sym classes
Compiling 89 properties into resource bundles for java.desktop
Compiling 3086 files for java.base
Updating support/src.zip
Compiling 10 files for java.instrument
Compiling 5 files for java.transaction.xa
Compiling 144 files for java.net.http
Compiling 330 files for java.management
Compiling 35 files for java.logging
Compiling 35 files for jdk.crypto.ec
Compiling 120 files for jdk.charsets
Compiling 15 files for java.scripting
Compiling 43 files for jdk.httpserver
Compiling 4 files for jdk.jsobject
Compiling 9 files for jdk.net
Compiling 50 files for jdk.incubator.vector
Compiling 1 files for jdk.jdwp.agent
Compiling 64 files for jdk.incubator.foreign
Compiling 22 files for java.smartcardio
Compiling 9 files for jdk.unsupported
Compiling 33 files for jdk.sctp
Compiling 11 files for jdk.random
Compiling 30 files for jdk.jartool
Compiling 18 files for java.datatransfer
Compiling 61 files for jdk.internal.jvmstat
Compiling 127 files for java.compiler
Compiling 3 files for jdk.internal.ed
Compiling 51 files for jdk.internal.opt
Compiling 14 files for jdk.zipfs
Compiling 242 files for jdk.jfr
Compiling 2 files for jdk.nio.mapmode
Compiling 110 files for jdk.internal.le
Creating support/modules_libs/java.base/libverify.so from 1 file(s)
Creating support/modules_libs/java.base/libjava.so from 59 file(s)
Creating support/native/java.base/libfdlibm.a from 57 file(s)
Creating support/modules_libs/java.base/libzip.so from 5 file(s)
Creating support/modules_libs/java.base/libjimage.so from 6 file(s)
Creating support/modules_libs/java.base/libjli.so from 8 file(s)
Creating support/modules_libs/java.base/libnet.so from 21 file(s)
Creating support/modules_libs/java.base/libnio.so from 22 file(s)
Creating support/modules_libs/java.base/libjsig.so from 1 file(s)
Compiling 1806 files for jdk.localedata
Compiling 1850 files for java.xml
Compiling 75 files for jdk.crypto.cryptoki
Creating support/modules_cmds/java.scripting/jrunscript from 1 file(s)
Creating support/modules_cmds/jdk.jdi/jdb from 1 file(s)
Creating support/modules_cmds/jdk.compiler/javac from 1 file(s)
Creating support/modules_cmds/jdk.compiler/serialver from 1 file(s)
Creating support/modules_cmds/jdk.jpackage/jpackage from 1 file(s)
Creating support/modules_cmds/jdk.javadoc/javadoc from 1 file(s)
Creating support/modules_cmds/jdk.jfr/jfr from 1 file(s)
Creating support/modules_cmds/jdk.jartool/jar from 1 file(s)
Creating support/modules_cmds/jdk.jartool/jarsigner from 1 file(s)
Creating support/modules_libs/java.instrument/libinstrument.so from 12 file(s)
Creating support/modules_cmds/jdk.jconsole/jconsole from 1 file(s)
Creating support/modules_cmds/java.rmi/rmiregistry from 1 file(s)
Creating support/modules_cmds/jdk.jshell/jshell from 1 file(s)
Creating support/modules_cmds/jdk.jstatd/jstatd from 1 file(s)
Creating support/modules_cmds/jdk.jdeps/javap from 1 file(s)
Creating support/modules_cmds/jdk.jdeps/jdeps from 1 file(s)
Creating support/modules_cmds/jdk.jdeps/jdeprscan from 1 file(s)
Creating support/modules_cmds/jdk.jcmd/jinfo from 1 file(s)
Creating support/modules_cmds/jdk.jlink/jimage from 1 file(s)
Creating support/modules_cmds/jdk.jlink/jlink from 1 file(s)
Creating support/modules_cmds/jdk.jlink/jmod from 1 file(s)
Creating support/modules_cmds/jdk.jcmd/jmap from 1 file(s)
Creating support/modules_cmds/jdk.jcmd/jps from 1 file(s)
Creating support/modules_cmds/jdk.jcmd/jstack from 1 file(s)
Creating support/modules_cmds/jdk.jcmd/jstat from 1 file(s)
Creating support/modules_cmds/jdk.jcmd/jcmd from 1 file(s)
Creating support/modules_cmds/java.base/java from 1 file(s)
Creating support/modules_cmds/java.base/keytool from 1 file(s)
Creating support/modules_libs/java.base/jexec from 1 file(s)
Creating support/modules_libs/java.base/jspawnhelper from 1 file(s)
Creating support/modules_libs/jdk.net/libextnet.so from 1 file(s)
Creating support/modules_libs/jdk.jdwp.agent/libdt_socket.so from 2 file(s)
Creating support/modules_libs/jdk.jdwp.agent/libjdwp.so from 43 file(s)
Creating support/modules_libs/java.smartcardio/libj2pcsc.so from 2 file(s)
Creating support/modules_libs/jdk.sctp/libsctp.so from 2 file(s)
Compiling 15 files for jdk.attach
Compiling 68 files for jdk.dynalink
Compiling 30 files for java.security.sasl
Compiling 106 files for java.rmi
Compiling 406 files for jdk.compiler
Creating support/modules_libs/jdk.incubator.foreign/libsyslookup.so from 1 file(s)
Creating support/modules_libs/jdk.crypto.cryptoki/libj2pkcs11.so from 14 file(s)
Creating support/modules_libs/jdk.attach/libattach.so from 1 file(s)
Compiling 40 files for jdk.jcmd
Compiling 251 files for jdk.jdi
Compiling 199 files for java.naming
Compiling 11 files for jdk.jstatd
Creating support/modules_libs/java.rmi/librmi.so from 1 file(s)
Creating support/modules_libs/java.management/libmanagement.so from 9 file(s)
Compiling 24 files for jdk.management
Compiling 16 files for java.management.rmi
Compiling 8 files for jdk.naming.rmi
Compiling 16 files for jdk.naming.dns
Compiling 220 files for java.security.jgss
Compiling 15 files for jdk.management.jfr
Creating support/modules_libs/jdk.management/libmanagement_ext.so from 8 file(s)
Compiling 31 files for jdk.management.agent
Creating support/modules_libs/jdk.management.agent/libmanagement_agent.so from 1 file(s)
Compiling 16 files for jdk.security.jgss
Compiling 30 files for jdk.security.auth
Creating support/modules_libs/java.security.jgss/libj2gss.so from 3 file(s)
Updating images/sec-bin.zip
Creating support/modules_libs/jdk.security.auth/libjaas.so from 1 file(s)
Compiling 136 files for jdk.jdeps
Compiling 15 files for java.prefs
Compiling 94 files for jdk.xml.dom
Compiling 77 files for java.sql
Compiling 272 files for java.xml.crypto
Compiling 229 files for jdk.javadoc
Compiling 85 files for jdk.jlink
Creating support/modules_libs/java.prefs/libprefs.so from 1 file(s)
Compiling 95 files for jdk.jshell
Compiling 56 files for java.sql.rowset
Compiling 2771 files for java.desktop
Compiling 18 files for jdk.accessibility
Compiling 1 files for java.se
Compiling 3 files for jdk.editpad
Compiling 8 files for jdk.unsupported.desktop
Compiling 64 files for jdk.jconsole
Compiling 47 files for jdk.jpackage
Creating support/modules_libs/java.desktop/libmlib_image.so from 50 file(s)
Creating support/modules_libs/java.desktop/libawt.so from 72 file(s)
Creating support/modules_libs/java.desktop/libawt_xawt.so from 53 file(s)
Creating support/modules_libs/java.desktop/liblcms.so from 27 file(s)
Creating support/modules_libs/java.desktop/libjavajpeg.so from 46 file(s)
Creating support/modules_libs/java.desktop/libawt_headless.so from 26 file(s)
Creating support/modules_libs/java.desktop/libfontmanager.so from 62 file(s)
Creating support/modules_libs/java.desktop/libjawt.so from 1 file(s)
Creating support/modules_libs/java.desktop/libsplashscreen.so from 67 file(s)
Creating support/modules_libs/java.desktop/libjsound.so from 18 file(s)
Creating jdk/modules/jdk.jpackage/jdk/jpackage/internal/resources/jpackageapplauncher from 3 file(s)
Creating jdk/modules/jdk.jpackage/jdk/jpackage/internal/resources/libjpackageapplauncheraux.so from 17 file(s)
Compiling 4 files for BUILD_JIGSAW_TOOLS
Optimizing the exploded image
Creating java.prefs.jmod
Creating java.instrument.jmod
Creating java.compiler.jmod
Creating java.security.sasl.jmod
Creating java.se.jmod
Creating java.management.rmi.jmod
Creating java.transaction.xa.jmod
Creating java.naming.jmod
Creating java.sql.rowset.jmod
Creating java.smartcardio.jmod
Creating java.rmi.jmod
Creating jdk.accessibility.jmod
Creating java.security.jgss.jmod
Creating java.datatransfer.jmod
Creating jdk.attach.jmod
Creating java.net.http.jmod
Creating java.sql.jmod
Creating jdk.incubator.foreign.jmod
Creating java.xml.crypto.jmod
Creating jdk.dynalink.jmod
Creating jdk.internal.ed.jmod
Creating jdk.internal.jvmstat.jmod
Creating jdk.crypto.cryptoki.jmod
Creating jdk.editpad.jmod
Creating jdk.incubator.vector.jmod
Creating jdk.internal.le.jmod
Creating java.logging.jmod
Creating jdk.crypto.ec.jmod
Creating jdk.charsets.jmod
Creating jdk.jartool.jmod
Creating jdk.jcmd.jmod
Creating jdk.jdeps.jmod
Creating interim java.logging.jmod
Creating jdk.jpackage.jmod
Creating jdk.javadoc.jmod
Creating java.management.jmod
Creating jdk.jshell.jmod
Creating jdk.internal.opt.jmod
Creating jdk.jdwp.agent.jmod
Creating java.scripting.jmod
Creating jdk.jfr.jmod
Creating jdk.jdi.jmod
Creating jdk.jconsole.jmod
Creating jdk.compiler.jmod
Creating jdk.naming.dns.jmod
Creating jdk.net.jmod
Creating java.xml.jmod
Creating jdk.management.jmod
Creating jdk.httpserver.jmod
Creating jdk.random.jmod
Creating jdk.jsobject.jmod
Creating jdk.management.jfr.jmod
Creating jdk.nio.mapmode.jmod
Creating jdk.sctp.jmod
Creating jdk.management.agent.jmod
Creating jdk.naming.rmi.jmod
Creating java.desktop.jmod
Creating jdk.jstatd.jmod
Creating jdk.localedata.jmod
Creating interim java.base.jmod
Creating jdk.security.auth.jmod
Creating jdk.security.jgss.jmod
Creating jdk.unsupported.jmod
Creating jdk.unsupported.desktop.jmod
Creating jdk.xml.dom.jmod
Creating jdk.zipfs.jmod
Compiling 3 files for BUILD_DEMO_CodePointIM
Updating support/demos/image/jfc/CodePointIM/src.zip
Compiling 3 files for BUILD_DEMO_FileChooserDemo
Updating support/demos/image/jfc/FileChooserDemo/src.zip
Compiling 29 files for BUILD_DEMO_SwingSet2
Updating support/demos/image/jfc/SwingSet2/src.zip
Compiling 3 files for BUILD_DEMO_Font2DTest
Updating support/demos/image/jfc/Font2DTest/src.zip
Compiling 64 files for BUILD_DEMO_J2Ddemo
Updating support/demos/image/jfc/J2Ddemo/src.zip
Compiling 15 files for BUILD_DEMO_Metalworks
Updating support/demos/image/jfc/Metalworks/src.zip
Compiling 2 files for BUILD_DEMO_Notepad
Updating support/demos/image/jfc/Notepad/src.zip
Compiling 5 files for BUILD_DEMO_Stylepad
Updating support/demos/image/jfc/Stylepad/src.zip
Compiling 5 files for BUILD_DEMO_SampleTree
Updating support/demos/image/jfc/SampleTree/src.zip
Compiling 8 files for BUILD_DEMO_TableExample
Updating support/demos/image/jfc/TableExample/src.zip
Compiling 1 files for BUILD_DEMO_TransparentRuler
Updating support/demos/image/jfc/TransparentRuler/src.zip
Creating support/demos/image/jfc/CodePointIM/CodePointIM.jar
Creating support/demos/image/jfc/TransparentRuler/TransparentRuler.jar
Creating support/demos/image/jfc/TableExample/TableExample.jar
Creating support/demos/image/jfc/FileChooserDemo/FileChooserDemo.jar
Creating support/demos/image/jfc/SampleTree/SampleTree.jar
Creating support/demos/image/jfc/Metalworks/Metalworks.jar
Creating support/demos/image/jfc/Stylepad/Stylepad.jar
Creating support/demos/image/jfc/Font2DTest/Font2DTest.jar
Creating support/demos/image/jfc/Notepad/Notepad.jar
Creating support/demos/image/jfc/SwingSet2/SwingSet2.jar
Creating support/demos/image/jfc/J2Ddemo/J2Ddemo.jar
Creating interim jimage
Compiling 2 files for CLASSLIST_JAR
Creating support/classlist.jar
Creating jdk.jlink.jmod
Creating java.base.jmod
Creating jdk image
Creating CDS archive for jdk image
Creating CDS-NOCOOPS archive for jdk image
Finished building target 'images' in configuration 'linux-s390x-server-release'
