========================================================
  Git Pull Log — jdk11
========================================================
  src_dir    : /home/amit/head/jdk11u-dev
  git_url    : https://github.com/openjdk/jdk11u-dev.git
  date       : 2026-06-25 21:26:02 UTC

  commit_before : 4334f0e4fc5a86a9116df9c7a4e3684c10053e34

--- git fetch + pull output ---
From https://github.com/openjdk/jdk11u-dev
 - [deleted]               (none)     -> origin/JDK-8382047
 - [deleted]               (none)     -> origin/pr/2122
 - [deleted]               (none)     -> origin/pr/2278
 - [deleted]               (none)     -> origin/pr/2533
 - [deleted]               (none)     -> origin/pr/2576
 - [deleted]               (none)     -> origin/pr/2640
 - [deleted]               (none)     -> origin/pr/2668
 - [deleted]               (none)     -> origin/pr/2712
 - [deleted]               (none)     -> origin/pr/2739
 - [deleted]               (none)     -> origin/pr/2747
 - [deleted]               (none)     -> origin/pr/2749
 - [deleted]               (none)     -> origin/pr/2751
 - [deleted]               (none)     -> origin/pr/2762
 - [deleted]               (none)     -> origin/pr/2769
 - [deleted]               (none)     -> origin/pr/2772
 - [deleted]               (none)     -> origin/pr/2773
 - [deleted]               (none)     -> origin/pr/2774
 - [deleted]               (none)     -> origin/pr/2775
 - [deleted]               (none)     -> origin/pr/2776
 - [deleted]               (none)     -> origin/pr/2777
 - [deleted]               (none)     -> origin/pr/2778
 - [deleted]               (none)     -> origin/pr/2779
 - [deleted]               (none)     -> origin/pr/2780
 - [deleted]               (none)     -> origin/pr/2781
 - [deleted]               (none)     -> origin/pr/2795
 - [deleted]               (none)     -> origin/pr/2827
 - [deleted]               (none)     -> origin/pr/2838
 - [deleted]               (none)     -> origin/pr/2912
 - [deleted]               (none)     -> origin/pr/2918
 - [deleted]               (none)     -> origin/pr/2919
 - [deleted]               (none)     -> origin/pr/2921
 - [deleted]               (none)     -> origin/pr/2922
 - [deleted]               (none)     -> origin/pr/2924
 - [deleted]               (none)     -> origin/pr/2932
 - [deleted]               (none)     -> origin/pr/2933
 - [deleted]               (none)     -> origin/pr/2935
 - [deleted]               (none)     -> origin/pr/2939
 - [deleted]               (none)     -> origin/pr/2946
 - [deleted]               (none)     -> origin/pr/2950
 - [deleted]               (none)     -> origin/pr/2951
 - [deleted]               (none)     -> origin/pr/2953
 - [deleted]               (none)     -> origin/pr/2954
 - [deleted]               (none)     -> origin/pr/2955
 - [deleted]               (none)     -> origin/pr/2956
 - [deleted]               (none)     -> origin/pr/2957
 - [deleted]               (none)     -> origin/pr/2958
 - [deleted]               (none)     -> origin/pr/2959
 - [deleted]               (none)     -> origin/pr/2960
 - [deleted]               (none)     -> origin/pr/2961
 - [deleted]               (none)     -> origin/pr/2963
 - [deleted]               (none)     -> origin/pr/2964
 - [deleted]               (none)     -> origin/pr/2966
 - [deleted]               (none)     -> origin/pr/2967
 - [deleted]               (none)     -> origin/pr/2969
 - [deleted]               (none)     -> origin/pr/2970
 - [deleted]               (none)     -> origin/pr/2971
 - [deleted]               (none)     -> origin/pr/2972
 - [deleted]               (none)     -> origin/pr/2973
 - [deleted]               (none)     -> origin/pr/2974
 - [deleted]               (none)     -> origin/pr/2975
 - [deleted]               (none)     -> origin/pr/2976
 - [deleted]               (none)     -> origin/pr/2977
 - [deleted]               (none)     -> origin/pr/2978
 - [deleted]               (none)     -> origin/pr/2979
 - [deleted]               (none)     -> origin/pr/2980
 - [deleted]               (none)     -> origin/pr/2981
 - [deleted]               (none)     -> origin/pr/2982
 - [deleted]               (none)     -> origin/pr/2983
 - [deleted]               (none)     -> origin/pr/2984
 - [deleted]               (none)     -> origin/pr/2985
 - [deleted]               (none)     -> origin/pr/2986
 - [deleted]               (none)     -> origin/pr/2987
 - [deleted]               (none)     -> origin/pr/2988
 - [deleted]               (none)     -> origin/pr/2990
 - [deleted]               (none)     -> origin/pr/2991
 - [deleted]               (none)     -> origin/pr/2992
 - [deleted]               (none)     -> origin/pr/2993
 - [deleted]               (none)     -> origin/pr/2994
 - [deleted]               (none)     -> origin/pr/2995
 - [deleted]               (none)     -> origin/pr/2996
 - [deleted]               (none)     -> origin/pr/2997
 - [deleted]               (none)     -> origin/pr/2998
 - [deleted]               (none)     -> origin/pr/3001
 - [deleted]               (none)     -> origin/pr/3003
 - [deleted]               (none)     -> origin/pr/3004
 - [deleted]               (none)     -> origin/pr/3005
 - [deleted]               (none)     -> origin/pr/3006
 - [deleted]               (none)     -> origin/pr/3007
 - [deleted]               (none)     -> origin/pr/3008
 - [deleted]               (none)     -> origin/pr/3009
 - [deleted]               (none)     -> origin/pr/3010
 - [deleted]               (none)     -> origin/pr/3011
 - [deleted]               (none)     -> origin/pr/3012
 - [deleted]               (none)     -> origin/pr/3013
 - [deleted]               (none)     -> origin/pr/3014
 - [deleted]               (none)     -> origin/pr/3015
 - [deleted]               (none)     -> origin/pr/3016
 - [deleted]               (none)     -> origin/pr/3019
 - [deleted]               (none)     -> origin/pr/3020
 - [deleted]               (none)     -> origin/pr/3021
 - [deleted]               (none)     -> origin/pr/3022
 - [deleted]               (none)     -> origin/pr/3024
 - [deleted]               (none)     -> origin/pr/3025
 - [deleted]               (none)     -> origin/pr/3026
 - [deleted]               (none)     -> origin/pr/3027
 - [deleted]               (none)     -> origin/pr/3028
 - [deleted]               (none)     -> origin/pr/3029
 - [deleted]               (none)     -> origin/pr/3030
 - [deleted]               (none)     -> origin/pr/3031
 - [deleted]               (none)     -> origin/pr/3032
 - [deleted]               (none)     -> origin/pr/3033
 - [deleted]               (none)     -> origin/pr/3034
 - [deleted]               (none)     -> origin/pr/3035
 - [deleted]               (none)     -> origin/pr/3036
 - [deleted]               (none)     -> origin/pr/3037
 - [deleted]               (none)     -> origin/pr/3038
 - [deleted]               (none)     -> origin/pr/3039
 - [deleted]               (none)     -> origin/pr/3040
 - [deleted]               (none)     -> origin/pr/3041
 - [deleted]               (none)     -> origin/pr/3042
 - [deleted]               (none)     -> origin/pr/3043
 - [deleted]               (none)     -> origin/pr/3044
 - [deleted]               (none)     -> origin/pr/3045
 - [deleted]               (none)     -> origin/pr/3046
 - [deleted]               (none)     -> origin/pr/3047
 - [deleted]               (none)     -> origin/pr/3048
 - [deleted]               (none)     -> origin/pr/3050
 - [deleted]               (none)     -> origin/pr/3051
 - [deleted]               (none)     -> origin/pr/3052
 - [deleted]               (none)     -> origin/pr/3054
 - [deleted]               (none)     -> origin/pr/3055
 - [deleted]               (none)     -> origin/pr/3056
 - [deleted]               (none)     -> origin/pr/3057
 - [deleted]               (none)     -> origin/pr/3059
 - [deleted]               (none)     -> origin/pr/3060
 - [deleted]               (none)     -> origin/pr/3061
 - [deleted]               (none)     -> origin/pr/3062
 - [deleted]               (none)     -> origin/pr/3064
 - [deleted]               (none)     -> origin/pr/3066
 - [deleted]               (none)     -> origin/pr/3067
 - [deleted]               (none)     -> origin/pr/3068
 - [deleted]               (none)     -> origin/pr/3069
 - [deleted]               (none)     -> origin/pr/3070
 - [deleted]               (none)     -> origin/pr/3071
 - [deleted]               (none)     -> origin/pr/3072
 - [deleted]               (none)     -> origin/pr/3073
 - [deleted]               (none)     -> origin/pr/3075
 - [deleted]               (none)     -> origin/pr/3076
 - [deleted]               (none)     -> origin/pr/3077
 - [deleted]               (none)     -> origin/pr/3078
 - [deleted]               (none)     -> origin/pr/3079
 - [deleted]               (none)     -> origin/pr/3080
 - [deleted]               (none)     -> origin/pr/3081
 - [deleted]               (none)     -> origin/pr/3082
 - [deleted]               (none)     -> origin/pr/3083
 - [deleted]               (none)     -> origin/pr/3084
 - [deleted]               (none)     -> origin/pr/3085
 - [deleted]               (none)     -> origin/pr/3086
 - [deleted]               (none)     -> origin/pr/3087
 - [deleted]               (none)     -> origin/pr/3088
 - [deleted]               (none)     -> origin/pr/3089
 - [deleted]               (none)     -> origin/pr/3090
 - [deleted]               (none)     -> origin/pr/3091
 - [deleted]               (none)     -> origin/pr/3092
 - [deleted]               (none)     -> origin/pr/3093
 - [deleted]               (none)     -> origin/pr/3094
 - [deleted]               (none)     -> origin/pr/3095
 - [deleted]               (none)     -> origin/pr/3097
 - [deleted]               (none)     -> origin/pr/3098
 - [deleted]               (none)     -> origin/pr/3099
 - [deleted]               (none)     -> origin/pr/3100
 - [deleted]               (none)     -> origin/pr/3101
 - [deleted]               (none)     -> origin/pr/3102
 - [deleted]               (none)     -> origin/pr/3104
 - [deleted]               (none)     -> origin/pr/3105
 - [deleted]               (none)     -> origin/pr/3106
 - [deleted]               (none)     -> origin/pr/3107
 - [deleted]               (none)     -> origin/pr/3108
 - [deleted]               (none)     -> origin/pr/3109
 - [deleted]               (none)     -> origin/pr/3111
 - [deleted]               (none)     -> origin/pr/3112
 - [deleted]               (none)     -> origin/pr/3113
 - [deleted]               (none)     -> origin/pr/3114
 - [deleted]               (none)     -> origin/pr/3115
 - [deleted]               (none)     -> origin/pr/3116
 - [deleted]               (none)     -> origin/pr/3117
 - [deleted]               (none)     -> origin/pr/3118
 - [deleted]               (none)     -> origin/pr/3119
 - [deleted]               (none)     -> origin/pr/3120
 - [deleted]               (none)     -> origin/pr/3121
 - [deleted]               (none)     -> origin/pr/3122
 - [deleted]               (none)     -> origin/pr/3123
 - [deleted]               (none)     -> origin/pr/3124
 - [deleted]               (none)     -> origin/pr/3125
 - [deleted]               (none)     -> origin/pr/3126
 - [deleted]               (none)     -> origin/pr/3127
 - [deleted]               (none)     -> origin/pr/3128
 - [deleted]               (none)     -> origin/pr/3129
 - [deleted]               (none)     -> origin/pr/3130
 - [deleted]               (none)     -> origin/pr/3131
 - [deleted]               (none)     -> origin/pr/3132
 - [deleted]               (none)     -> origin/pr/3133
 - [deleted]               (none)     -> origin/pr/3134
 - [deleted]               (none)     -> origin/pr/3135
 - [deleted]               (none)     -> origin/pr/3136
 - [deleted]               (none)     -> origin/pr/3138
 - [deleted]               (none)     -> origin/pr/3139
 - [deleted]               (none)     -> origin/pr/3141
 - [deleted]               (none)     -> origin/pr/3142
 - [deleted]               (none)     -> origin/pr/3143
 - [deleted]               (none)     -> origin/pr/3144
 - [deleted]               (none)     -> origin/pr/3145
 - [deleted]               (none)     -> origin/pr/3146
 - [deleted]               (none)     -> origin/pr/3148
 - [deleted]               (none)     -> origin/pr/3149
 - [deleted]               (none)     -> origin/pr/3150
 - [deleted]               (none)     -> origin/pr/3151
 - [deleted]               (none)     -> origin/pr/3152
 - [deleted]               (none)     -> origin/pr/3153
 - [deleted]               (none)     -> origin/pr/3154
 - [deleted]               (none)     -> origin/pr/3155
 - [deleted]               (none)     -> origin/pr/3157
 - [deleted]               (none)     -> origin/pr/3158
 - [deleted]               (none)     -> origin/pr/3159
 - [deleted]               (none)     -> origin/pr/3160
 - [deleted]               (none)     -> origin/pr/3161
 - [deleted]               (none)     -> origin/pr/3162
 - [deleted]               (none)     -> origin/pr/3163
 - [deleted]               (none)     -> origin/pr/3165
 - [deleted]               (none)     -> origin/pr/3167
 - [deleted]               (none)     -> origin/pr/3168
 - [deleted]               (none)     -> origin/pr/3169
 - [deleted]               (none)     -> origin/pr/3170
 - [deleted]               (none)     -> origin/pr/3171
 - [deleted]               (none)     -> origin/pr/3172
 - [deleted]               (none)     -> origin/pr/3173
 - [deleted]               (none)     -> origin/pr/3174
 - [deleted]               (none)     -> origin/pr/3175
 - [deleted]               (none)     -> origin/pr/3177
 - [deleted]               (none)     -> origin/pr/3178
 - [deleted]               (none)     -> origin/pr/3179
 - [deleted]               (none)     -> origin/pr/3180
 - [deleted]               (none)     -> origin/pr/3181
 - [deleted]               (none)     -> origin/pr/3182
 - [deleted]               (none)     -> origin/pr/3183
 - [deleted]               (none)     -> origin/pr/3184
 - [deleted]               (none)     -> origin/pr/3185
 - [deleted]               (none)     -> origin/pr/3187
 - [deleted]               (none)     -> origin/pr/3190
 - [deleted]               (none)     -> origin/pr/3191
 - [deleted]               (none)     -> origin/pr/3192
 - [deleted]               (none)     -> origin/pr/3193
 - [deleted]               (none)     -> origin/pr/3194
 - [deleted]               (none)     -> origin/pr/3195
 - [deleted]               (none)     -> origin/pr/3196
 - [deleted]               (none)     -> origin/pr/3197
 - [deleted]               (none)     -> origin/pr/3198
 - [deleted]               (none)     -> origin/pr/3199
 - [deleted]               (none)     -> origin/pr/3200
 - [deleted]               (none)     -> origin/pr/3201
 - [deleted]               (none)     -> origin/pr/3204
 - [deleted]               (none)     -> origin/pr/3207
 - [deleted]               (none)     -> origin/pr/3208
 - [deleted]               (none)     -> origin/pr/3209
 - [deleted]               (none)     -> origin/pr/3210
 - [deleted]               (none)     -> origin/pr/3211
 - [deleted]               (none)     -> origin/pr/3212
 - [deleted]               (none)     -> origin/pr/3215
 - [deleted]               (none)     -> origin/pr/3217
 - [deleted]               (none)     -> origin/pr/3218
 - [deleted]               (none)     -> origin/pr/3222
 - [deleted]               (none)     -> origin/pr/3225
 - [deleted]               (none)     -> origin/pr/3228
Already on 'master'
Your branch is up to date with 'origin/master'.
From https://github.com/openjdk/jdk11u-dev
 * branch                  master     -> FETCH_HEAD
Already up to date.

  commit_after  : 4334f0e4fc5a86a9116df9c7a4e3684c10053e34
  result        : SUCCESS
