13:41:42 [RUN]   ========================================================
13:41:42 [RUN]   OpenJDK s390x CI — daily tier1 run
13:41:42 [RUN]   2026-07-09 13:41:42 UTC
13:41:42 [RUN]   Host        : t8360021.lnxne.boe
13:41:42 [RUN]   Reports dir : /home/amit/OpenJDK-s390x-Reports/reports/2026/July/09
13:41:42 [RUN]   Pipeline log: /home/amit/OpenJDK-s390x-Reports/reports/2026/July/09/pipeline.log
13:41:42 [RUN]   ========================================================
13:41:42 [RUN]   ========================================================
13:41:42 [RUN]   Stage 1: Downloading dependencies
13:41:42 [RUN]   ========================================================
13:41:42 [INFO]  ========================================================
13:41:42 [INFO]    setup_deps.sh start: 2026-07-09 13:41:42 UTC
13:41:42 [INFO]    CI_TMP_DIR  : /tmp/openjdk-s390x-ci
13:41:42 [INFO]    BOOT_JDK_DIR: /tmp/openjdk-s390x-ci/boot_jdk
13:41:42 [INFO]    JTREG_DIR   : /tmp/openjdk-s390x-ci/jtreg
13:41:42 [INFO]  ========================================================
13:41:42 [INFO]  Checking required host tools …
13:41:42 [INFO]    ✓ curl (/usr/bin/curl)
13:41:42 [INFO]    ✓ tar (/usr/bin/tar)
13:41:42 [INFO]    ✓ sha256sum (/usr/bin/sha256sum)
13:41:42 [INFO]    ✓ python3 (/usr/bin/python3)
13:41:42 [OK]    All required tools present.
13:41:42 [INFO]  Cleaning scratch directory /tmp/openjdk-s390x-ci …
13:41:42 [INFO]    Scratch directory ready: /tmp/openjdk-s390x-ci
13:41:42 [INFO]  ========================================================
13:41:42 [INFO]    STEP: Boot JDK download (all required versions)
13:41:42 [INFO]  ========================================================
13:41:42 [INFO]  [boot_jdk] Resolving JDK HEAD tip_version from Adoptium API …
13:41:42 [INFO]    URL: https://api.adoptium.net/v3/info/available_releases
13:41:42 [INFO]    tip_version = 28
13:41:42 [INFO]    Versions to download: 25 24 21 28 11 17
13:41:42 [INFO]  ========================================================
13:41:42 [INFO]    STEP: Boot JDK download — JDK 25
13:41:42 [INFO]  ========================================================
13:41:42 [INFO]  [boot_jdk_v25] Step 1/5: locating s390x asset for JDK 25 …
13:41:42 [INFO]    URL: https://api.github.com/repos/adoptium/temurin25-binaries/releases?per_page=5
13:41:44 [INFO]    Asset : OpenJDK25U-jdk_s390x_linux_hotspot_25.0.3_9.tar.gz
13:41:44 [INFO]    URL   : https://github.com/adoptium/temurin25-binaries/releases/download/jdk-25.0.3%2B9/OpenJDK25U-jdk_s390x_linux_hotspot_25.0.3_9.tar.gz
13:41:44 [INFO]  [boot_jdk_v25] Step 2/5: downloading archive …
13:41:44 [INFO]    Destination: /tmp/openjdk-s390x-ci/boot_jdk_25.tar.gz
13:41:47 [INFO]    Downloaded: 130M
13:41:47 [INFO]  [boot_jdk_v25] Step 3/5: verifying SHA-256 checksum …
13:41:48 [INFO]    SHA-256 verified: 24b497d10acb6ee706ca30e1c8a929785c250cad54c5c12f1f8f93c3c06a53f7
13:41:48 [INFO]  [boot_jdk_v25] Step 4/5: extracting to /tmp/openjdk-s390x-ci/boot_jdk_25 …
13:41:48 [INFO]    Extracted to: /tmp/openjdk-s390x-ci/boot_jdk_25
13:41:48 [INFO]  [boot_jdk_v25] Step 5/5: smoke-testing java binary …
openjdk version "25.0.3" 2026-04-21 LTS
OpenJDK Runtime Environment Temurin-25.0.3+9 (build 25.0.3+9-LTS)
OpenJDK 64-Bit Server VM Temurin-25.0.3+9 (build 25.0.3+9-LTS, mixed mode, sharing)
13:41:48 [OK]    Boot JDK 25 ready: /tmp/openjdk-s390x-ci/boot_jdk_25
13:41:48 [INFO]  ========================================================
13:41:48 [INFO]    STEP: Boot JDK download — JDK 24
13:41:48 [INFO]  ========================================================
13:41:48 [INFO]  [boot_jdk_v24] Step 1/5: locating s390x asset for JDK 24 …
13:41:48 [INFO]    URL: https://api.github.com/repos/adoptium/temurin24-binaries/releases?per_page=5
13:41:49 [INFO]    Asset : OpenJDK24U-jdk_s390x_linux_hotspot_24.0.2_12.tar.gz
13:41:49 [INFO]    URL   : https://github.com/adoptium/temurin24-binaries/releases/download/jdk-24.0.2%2B12/OpenJDK24U-jdk_s390x_linux_hotspot_24.0.2_12.tar.gz
13:41:49 [INFO]  [boot_jdk_v24] Step 2/5: downloading archive …
13:41:49 [INFO]    Destination: /tmp/openjdk-s390x-ci/boot_jdk_24.tar.gz
13:41:55 [INFO]    Downloaded: 127M
13:41:55 [INFO]  [boot_jdk_v24] Step 3/5: verifying SHA-256 checksum …
13:41:56 [INFO]    SHA-256 verified: 555059f4929ab6435eb83b496d0b969bc6a9a5c07915d5f7607f5d833e38fb39
13:41:56 [INFO]  [boot_jdk_v24] Step 4/5: extracting to /tmp/openjdk-s390x-ci/boot_jdk_24 …
13:41:56 [INFO]    Extracted to: /tmp/openjdk-s390x-ci/boot_jdk_24
13:41:56 [INFO]  [boot_jdk_v24] Step 5/5: smoke-testing java binary …
openjdk version "24.0.2" 2025-07-15
OpenJDK Runtime Environment Temurin-24.0.2+12 (build 24.0.2+12)
OpenJDK 64-Bit Server VM Temurin-24.0.2+12 (build 24.0.2+12, mixed mode, sharing)
13:41:56 [OK]    Boot JDK 24 ready: /tmp/openjdk-s390x-ci/boot_jdk_24
13:41:56 [INFO]  ========================================================
13:41:56 [INFO]    STEP: Boot JDK download — JDK 21
13:41:56 [INFO]  ========================================================
13:41:56 [INFO]  [boot_jdk_v21] Step 1/5: locating s390x asset for JDK 21 …
13:41:56 [INFO]    URL: https://api.github.com/repos/adoptium/temurin21-binaries/releases?per_page=5
13:41:57 [INFO]    Asset : OpenJDK21U-jdk_s390x_linux_hotspot_21.0.9_10.tar.gz
13:41:57 [INFO]    URL   : https://github.com/adoptium/temurin21-binaries/releases/download/jdk-21.0.9%2B10/OpenJDK21U-jdk_s390x_linux_hotspot_21.0.9_10.tar.gz
13:41:57 [INFO]  [boot_jdk_v21] Step 2/5: downloading archive …
13:41:57 [INFO]    Destination: /tmp/openjdk-s390x-ci/boot_jdk_21.tar.gz
13:42:05 [INFO]    Downloaded: 186M
13:42:05 [INFO]  [boot_jdk_v21] Step 3/5: verifying SHA-256 checksum …
13:42:06 [INFO]    SHA-256 verified: e8ede0fb48aaa3a0cc1ac7c8522f8ca7938bdbb8be0d603b61134de7f898aff4
13:42:06 [INFO]  [boot_jdk_v21] Step 4/5: extracting to /tmp/openjdk-s390x-ci/boot_jdk_21 …
13:42:07 [INFO]    Extracted to: /tmp/openjdk-s390x-ci/boot_jdk_21
13:42:07 [INFO]  [boot_jdk_v21] Step 5/5: smoke-testing java binary …
openjdk version "21.0.9" 2025-10-21 LTS
OpenJDK Runtime Environment Temurin-21.0.9+10 (build 21.0.9+10-LTS)
OpenJDK 64-Bit Server VM Temurin-21.0.9+10 (build 21.0.9+10-LTS, mixed mode, sharing)
13:42:07 [OK]    Boot JDK 21 ready: /tmp/openjdk-s390x-ci/boot_jdk_21
13:42:07 [INFO]  ========================================================
13:42:07 [INFO]    STEP: Boot JDK download — JDK 28
13:42:07 [INFO]  ========================================================
13:42:07 [INFO]  [boot_jdk_v28] Step 1/5: locating s390x asset for JDK 28 …
13:42:07 [INFO]    URL: https://api.github.com/repos/adoptium/temurin28-binaries/releases?per_page=5
13:42:08 [INFO]    Asset : OpenJDK-jdk_s390x_linux_hotspot_28_5-ea.tar.gz
13:42:08 [INFO]    URL   : https://github.com/adoptium/temurin28-binaries/releases/download/jdk-28%2B5-ea-beta/OpenJDK-jdk_s390x_linux_hotspot_28_5-ea.tar.gz
13:42:08 [INFO]  [boot_jdk_v28] Step 2/5: downloading archive …
13:42:08 [INFO]    Destination: /tmp/openjdk-s390x-ci/boot_jdk_28.tar.gz
13:42:14 [INFO]    Downloaded: 133M
13:42:14 [INFO]  [boot_jdk_v28] Step 3/5: verifying SHA-256 checksum …
13:42:15 [INFO]    SHA-256 verified: adae13877206fb8ea20fcdfbd691fe89937b265f2044882b4f436b7335405137
13:42:15 [INFO]  [boot_jdk_v28] Step 4/5: extracting to /tmp/openjdk-s390x-ci/boot_jdk_28 …
13:42:15 [INFO]    Extracted to: /tmp/openjdk-s390x-ci/boot_jdk_28
13:42:15 [INFO]  [boot_jdk_v28] Step 5/5: smoke-testing java binary …
openjdk version "28-beta" 2027-03-23
OpenJDK Runtime Environment Temurin-28+5-202607021655 (build 28-beta+5-ea)
OpenJDK 64-Bit Server VM Temurin-28+5-202607021655 (build 28-beta+5-ea, mixed mode, sharing)
13:42:15 [OK]    Boot JDK 28 ready: /tmp/openjdk-s390x-ci/boot_jdk_28
13:42:15 [INFO]  ========================================================
13:42:15 [INFO]    STEP: Boot JDK download — JDK 11
13:42:15 [INFO]  ========================================================
13:42:15 [INFO]  [boot_jdk_v11] Step 1/5: locating s390x asset for JDK 11 …
13:42:15 [INFO]    URL: https://api.github.com/repos/adoptium/temurin11-binaries/releases?per_page=5
13:42:16 [INFO]    Asset : OpenJDK11U-jdk_s390x_linux_hotspot_11.0.31_11.tar.gz
13:42:16 [INFO]    URL   : https://github.com/adoptium/temurin11-binaries/releases/download/jdk-11.0.31%2B11/OpenJDK11U-jdk_s390x_linux_hotspot_11.0.31_11.tar.gz
13:42:16 [INFO]  [boot_jdk_v11] Step 2/5: downloading archive …
13:42:16 [INFO]    Destination: /tmp/openjdk-s390x-ci/boot_jdk_11.tar.gz
