Building target 'images' in configuration 'linux-s390x-server-fastdebug'
Compiling up to 1 files for BUILD_TOOLS_HOTSPOT
Compiling up to 8 files for BUILD_TOOLS_LANGTOOLS
Creating hotspot/variant-server/tools/adlc/adlc from 13 file(s)
Compiling up to 2 files for BUILD_JVMTI_TOOLS
Compiling 10 properties into resource bundles for jdk.jshell
Compiling 17 properties into resource bundles for jdk.javadoc
Generating classes for compiler.properties launcher.properties
Compiling 19 properties into resource bundles for jdk.compiler
Compiling 15 properties into resource bundles for jdk.jdeps
Compiling up to 360 files for BUILD_jdk.compiler.interim
Compiling up to 145 files for BUILD_jdk.internal.md.interim
Compiling up to 213 files for BUILD_jdk.javadoc.interim
Compiling up to 17 files for BUILD_JAVAC_SERVER
Compiling up to 136 files for BUILD_java.compiler.interim
Creating support/modules_libs/java.base/server/libjvm.so from 984 file(s)
Creating hotspot/variant-server/libjvm/libgtest/libgtest.a from 2 file(s)
Creating hotspot/variant-server/libjvm/gtest/libjvm.so from 186 file(s)
Creating hotspot/variant-server/libjvm/gtest/gtestLauncher from 1 file(s)
Compiling up to 31 files for BUILD_JRTFS
Compiling up to 188 files for BUILD_TOOLS_JDK
Compiling up to 2 files for COMPILE_DEPEND
Creating support/modules_libs/java.base/jrt-fs.jar
Compiling up to 2 files for BUILD_BREAKITERATOR_BASE
Compiling up to 2 files for BUILD_BREAKITERATOR_LD
Compiling 11 properties into resource bundles for java.logging
Compiling 4 properties into resource bundles for jdk.httpserver
Compiling 11 properties into resource bundles for jdk.jartool
Compiling 11 properties into resource bundles for jdk.management.agent
Compiling 4 properties into resource bundles for jdk.jdi
Compiling 9 properties into resource bundles for jdk.jlink
Compiling 4 properties into resource bundles for jdk.jlink
Compiling 1 properties into resource bundles for jdk.jlink
Compiling 11 properties into resource bundles for java.base
Compiling 3 properties into resource bundles for java.base
Compiling 89 properties into resource bundles for java.desktop
Compiling up to 3504 files for java.base
Updating support/src.zip
Compiling up to 10 files for java.instrument
Compiling up to 136 files for java.compiler
Compiling up to 5 files for java.transaction.xa
Compiling up to 331 files for java.management
Compiling up to 3 files for jdk.internal.ed
Compiling up to 3 files for jdk.nio.mapmode
Compiling up to 35 files for java.logging
Compiling up to 1 files for jdk.jdwp.agent
Compiling up to 14 files for jdk.zipfs
Compiling up to 53 files for jdk.incubator.vector
Compiling up to 9 files for jdk.net
Compiling up to 146 files for java.net.http
Compiling up to 18 files for java.datatransfer
Compiling up to 52 files for jdk.internal.opt
Compiling up to 125 files for jdk.charsets
Compiling up to 22 files for java.smartcardio
Compiling up to 33 files for jdk.sctp
Compiling up to 4 files for jdk.jsobject
Compiling up to 78 files for jdk.crypto.cryptoki
Compiling up to 59 files for jdk.httpserver
Compiling up to 9 files for jdk.unsupported
Compiling up to 1 files for jdk.crypto.ec
Compiling up to 15 files for java.scripting
Compiling up to 1545 files for jdk.localedata
Compiling up to 305 files for jdk.jfr
Compiling up to 61 files for jdk.internal.jvmstat
Compiling up to 118 files for jdk.internal.le
Creating support/modules_libs/java.base/libverify.so from 1 file(s)
Creating support/modules_libs/java.base/libjava.so from 65 file(s)
Creating support/modules_libs/java.base/libzip.so from 5 file(s)
Creating support/modules_libs/java.base/libjimage.so from 6 file(s)
Creating support/modules_libs/java.base/libjli.so from 9 file(s)
Creating support/modules_libs/java.base/libnet.so from 13 file(s)
Creating support/modules_libs/java.base/libnio.so from 23 file(s)
Creating support/modules_libs/java.base/libjsig.so from 1 file(s)
Creating support/modules_libs/java.base/libsyslookup.so from 1 file(s)
Compiling up to 1849 files for java.xml
Warning: pandoc not found. Not generating man pages
Warning: pandoc not found. Not generating man pages
Warning: pandoc not found. Not generating man pages
Warning: pandoc not found. Not generating man pages
Warning: pandoc not found. Not generating man pages
Warning: pandoc not found. Not generating man pages
Warning: pandoc not found. Not generating man pages
Warning: pandoc not found. Not generating man pages
Warning: pandoc not found. Not generating man pages
Warning: pandoc not found. Not generating man pages
Creating support/modules_cmds/java.scripting/jrunscript from 1 file(s)
Warning: pandoc not found. Not generating man pages
Warning: pandoc not found. Not generating man pages
Creating support/modules_cmds/java.rmi/rmiregistry from 1 file(s)
Warning: pandoc not found. Not generating man pages
Creating support/modules_cmds/jdk.httpserver/jwebserver from 1 file(s)
Warning: pandoc not found. Not generating man pages
Warning: pandoc not found. Not generating man pages
Creating support/modules_cmds/jdk.javadoc/javadoc from 1 file(s)
Creating support/modules_cmds/jdk.jshell/jshell from 1 file(s)
Creating support/modules_cmds/jdk.jpackage/jpackage from 1 file(s)
Creating support/modules_cmds/jdk.jstatd/jstatd from 1 file(s)
Creating support/modules_cmds/jdk.jartool/jar from 1 file(s)
Creating support/modules_cmds/jdk.jartool/jarsigner from 1 file(s)
Creating support/modules_cmds/jdk.compiler/javac from 1 file(s)
Creating support/modules_cmds/jdk.jdi/jdb from 1 file(s)
Creating support/modules_cmds/jdk.jfr/jfr from 1 file(s)
Creating support/modules_cmds/jdk.compiler/serialver from 1 file(s)
Creating support/modules_cmds/jdk.jconsole/jconsole from 1 file(s)
Warning: pandoc not found. Not generating man pages
Creating support/modules_cmds/java.base/java from 1 file(s)
Creating support/modules_libs/jdk.jdwp.agent/libdt_socket.so from 2 file(s)
Creating support/modules_libs/jdk.jdwp.agent/libjdwp.so from 43 file(s)
Creating support/modules_cmds/jdk.jdeps/javap from 1 file(s)
Creating support/modules_cmds/jdk.jdeps/jdeps from 1 file(s)
Creating support/modules_cmds/jdk.jdeps/jdeprscan from 1 file(s)
Creating support/modules_cmds/jdk.jdeps/jnativescan from 1 file(s)
Creating support/modules_cmds/jdk.jcmd/jinfo from 1 file(s)
Creating support/modules_cmds/java.base/keytool from 1 file(s)
Creating support/modules_libs/java.base/jexec from 1 file(s)
Creating support/modules_cmds/jdk.jcmd/jmap from 1 file(s)
Creating support/modules_libs/java.base/jspawnhelper from 1 file(s)
Creating support/modules_cmds/jdk.jcmd/jps from 1 file(s)
Creating support/modules_cmds/jdk.jlink/jimage from 1 file(s)
Creating support/modules_cmds/jdk.jlink/jlink from 1 file(s)
Creating support/modules_cmds/jdk.jlink/jmod from 1 file(s)
Creating support/modules_cmds/jdk.jcmd/jstack from 1 file(s)
Creating support/modules_cmds/jdk.jcmd/jstat from 1 file(s)
Creating support/modules_cmds/jdk.jcmd/jcmd from 1 file(s)
Compiling up to 68 files for COMPILE_CREATE_SYMBOLS
Compiling up to 28 files for jdk.jartool
Compiling up to 15 files for jdk.attach
Creating support/modules_libs/java.instrument/libinstrument.so from 12 file(s)
Creating support/modules_libs/jdk.net/libextnet.so from 1 file(s)
Compiling up to 30 files for java.security.sasl
Compiling up to 68 files for jdk.dynalink
Compiling up to 106 files for java.rmi
Creating support/modules_libs/jdk.sctp/libsctp.so from 2 file(s)
Creating support/modules_libs/java.smartcardio/libj2pcsc.so from 2 file(s)
Compiling up to 368 files for jdk.compiler
Creating support/modules_libs/jdk.attach/libattach.so from 1 file(s)
Compiling up to 40 files for jdk.jcmd
Compiling up to 254 files for jdk.jdi
Creating support/modules_libs/jdk.crypto.cryptoki/libj2pkcs11.so from 14 file(s)
Compiling up to 205 files for java.naming
Creating support/modules_libs/java.rmi/librmi.so from 1 file(s)
Compiling up to 11 files for jdk.jstatd
Compiling up to 27 files for jdk.management
Creating support/modules_libs/java.management/libmanagement.so from 9 file(s)
Compiling up to 15 files for jdk.management.jfr
Creating support/modules_libs/jdk.management/libmanagement_ext.so from 8 file(s)
Compiling up to 16 files for java.management.rmi
Compiling up to 211 files for java.security.jgss
Compiling up to 16 files for jdk.naming.dns
Compiling up to 8 files for jdk.naming.rmi
Compiling up to 30 files for jdk.management.agent
Creating support/modules_libs/jdk.management.agent/libmanagement_agent.so from 1 file(s)
Compiling up to 30 files for jdk.security.auth
Creating support/modules_libs/java.security.jgss/libj2gss.so from 3 file(s)
Compiling up to 16 files for jdk.security.jgss
Updating images/sec-bin.zip
Creating support/modules_libs/jdk.security.auth/libjaas.so from 1 file(s)
Compiling up to 145 files for jdk.internal.md
Compiling up to 144 files for jdk.jdeps
Compiling up to 213 files for jdk.javadoc
Compiling up to 77 files for java.sql
Compiling up to 94 files for jdk.xml.dom
Compiling up to 15 files for java.prefs
Compiling up to 272 files for java.xml.crypto
Creating support/modules_libs/java.prefs/libprefs.so from 1 file(s)
Compiling up to 102 files for jdk.jshell
Compiling up to 56 files for java.sql.rowset
Compiling up to 2779 files for java.desktop
Compiling up to 97 files for jdk.jlink
Compiling up to 18 files for jdk.accessibility
Compiling up to 1 files for java.se
Compiling up to 8 files for jdk.unsupported.desktop
Compiling up to 3 files for jdk.editpad
Compiling up to 64 files for jdk.jconsole
Compiling up to 55 files for jdk.jpackage
Creating support/modules_libs/java.desktop/libawt.so from 72 file(s)
Creating support/modules_libs/java.desktop/libawt_headless.so from 26 file(s)
Creating support/modules_libs/java.desktop/libawt_xawt.so from 52 file(s)
Creating support/modules_libs/java.desktop/libjawt.so from 1 file(s)
Creating support/modules_libs/java.desktop/libmlib_image.so from 50 file(s)
Creating support/modules_libs/java.desktop/liblcms.so from 27 file(s)
Creating support/modules_libs/java.desktop/libjavajpeg.so from 46 file(s)
Creating support/modules_libs/java.desktop/libsplashscreen.so from 67 file(s)
Creating support/modules_libs/java.desktop/libfontmanager.so from 63 file(s)
Creating support/modules_libs/java.desktop/libjsound.so from 18 file(s)
Compiling up to 4 files for COMPILE_CREATE_SYMBOLS
Creating jdk/modules/jdk.jpackage/jdk/jpackage/internal/resources/jpackageapplauncher from 3 file(s)
Creating jdk/modules/jdk.jpackage/jdk/jpackage/internal/resources/libjpackageapplauncheraux.so from 18 file(s)
Error occurred during initialization of boot layer
java.lang.moduleº­º¾º­º¾º­º¾º­º¾º­º¾º­º¾º­º¾º­º¾º­º¾º­º¾º­º¾º­º¾º­º¾º­º¾º­º¾º­º¾º­º¾º­º¾º­º¾º­º¾º­º¾º­º¾º­º¾º­º¾º­º¾º­º¾º­º¾º
Caused by: ja­º¾º­º¾º­º¾º­º¾º­º¾º­º¾º­º¾º­º¾º­º¾º­º¾º­º¾º­º¾º­º¾º­º¾º­º¾º­º¾º­º¾º­º¾º­º¾º­º¾º­º¾º­º¾º­º¾
gmake[3]: *** [Gendata.gmk:64: /home/amit/jdk/build/linux-s390x-server-fastdebug/buildtools/create_symbols_javac/_the.COMPILE_CREATE_SYMBOLS_batch] Error 1
gmake[2]: *** [make/Main.gmk:139: jdk.compiler-gendata] Error 2
gmake[2]: *** Waiting for unfinished jobs....

ERROR: Build failed for target 'images' in configuration 'linux-s390x-server-fastdebug' (exit code 2) 
